2023.08.17 18:37:22,645	INFO	1	org.l2jmobius.commons.util.IXmlReader	Network Config: ipconfig.xml exists using manual configuration...
2023.08.17 18:37:22,768	INFO	1	org.l2jmobius.Config	Loaded 6 Filter Words.
2023.08.17 18:37:22,785	INFO	1	org.l2jmobius.gameserver.GameServer	------------------------------------------------=[ Database ]
2023.08.17 18:37:23,229	INFO	1	org.l2jmobius.commons.database.DatabaseFactory	Database: Initialized.
2023.08.17 18:37:23,230	INFO	1	org.l2jmobius.gameserver.GameServer	----------------------------------------------=[ ThreadPool ]
2023.08.17 18:37:23,233	INFO	1	org.l2jmobius.commons.threads.ThreadPool	ThreadPool: Initialized
2023.08.17 18:37:23,240	INFO	1	org.l2jmobius.commons.threads.ThreadPool	...scheduled pool executor with 48 total threads.
2023.08.17 18:37:23,241	INFO	1	org.l2jmobius.commons.threads.ThreadPool	...instant pool executor with 24 total threads.
2023.08.17 18:37:23,243	INFO	1	org.l2jmobius.gameserver.GameServer	-----------------------------------------------=[ IdManager ]
2023.08.17 18:37:23,246	INFO	1	org.l2jmobius.gameserver.instancemanager.IdManager	Updated characters online status.
2023.08.17 18:37:23,279	INFO	1	org.l2jmobius.gameserver.instancemanager.IdManager	IdManager: Cleaned 0 elements from database in 0 seconds.
2023.08.17 18:37:23,283	INFO	1	org.l2jmobius.gameserver.instancemanager.IdManager	IdManager: Cleaned 0 expired timestamps from database.
2023.08.17 18:37:23,286	INFO	1	org.l2jmobius.gameserver.instancemanager.IdManager	IdManager: 102912 id's available.
2023.08.17 18:37:23,287	INFO	1	org.l2jmobius.gameserver.GameServer	----------------------------------------=[ Scripting Engine ]
2023.08.17 18:37:23,409	INFO	1	org.l2jmobius.gameserver.scripting.ScriptEngineManager	Loaded 827 files to exclude.
2023.08.17 18:37:23,409	INFO	1	org.l2jmobius.gameserver.GameServer	---------------------------------------------------=[ World ]
2023.08.17 18:37:23,446	INFO	1	org.l2jmobius.gameserver.model.World	World: (288 by 272) World Region Grid set up.
2023.08.17 18:37:23,598	INFO	1	org.l2jmobius.gameserver.instancemanager.MapRegionManager	MapRegionManager: Loaded 61 map regions.
2023.08.17 18:37:23,604	INFO	1	org.l2jmobius.gameserver.instancemanager.ZoneManager	ZoneManager 19 by 18 Zone Region Grid set up.
2023.08.17 18:37:24,014	INFO	1	org.l2jmobius.gameserver.instancemanager.ZoneManager	ZoneManager: Loaded 34 zone classes and 2966 zones.
2023.08.17 18:37:24,017	INFO	1	org.l2jmobius.gameserver.instancemanager.ZoneManager	ZoneManager: Last static id 210110.
2023.08.17 18:37:24,319	INFO	1	org.l2jmobius.gameserver.data.xml.DoorData	DoorData: Loaded 1474 doors.
2023.08.17 18:37:24,327	INFO	1	FenceData	FenceData: Loaded 1 fences.
2023.08.17 18:37:24,340	INFO	1	org.l2jmobius.gameserver.instancemanager.GlobalVariablesManager	GlobalVariablesManager: Loaded 16 variables.
2023.08.17 18:37:24,340	INFO	1	org.l2jmobius.gameserver.GameServer	----------------------------------------------------=[ Data ]
2023.08.17 18:37:24,347	INFO	1	org.l2jmobius.gameserver.data.xml.ActionData	ActionData: Loaded 217 player actions.
2023.08.17 18:37:24,388	INFO	1	org.l2jmobius.gameserver.data.xml.CategoryData	CategoryData: Loaded 216 categories.
2023.08.17 18:37:24,394	INFO	1	org.l2jmobius.gameserver.data.xml.SecondaryAuthData	SecondaryAuthData: Loaded 328 forbidden passwords.
2023.08.17 18:37:26,381	INFO	1	org.l2jmobius.gameserver.data.ItemTable	ItemTable: Highest item id used: 96959
2023.08.17 18:37:26,393	INFO	1	org.l2jmobius.gameserver.data.ItemTable	ItemTable: Loaded 24456 Etc Items
2023.08.17 18:37:26,394	INFO	1	org.l2jmobius.gameserver.data.ItemTable	ItemTable: Loaded 12781 Armor Items
2023.08.17 18:37:26,394	INFO	1	org.l2jmobius.gameserver.data.ItemTable	ItemTable: Loaded 9113 Weapon Items
2023.08.17 18:37:26,395	INFO	1	org.l2jmobius.gameserver.data.ItemTable	ItemTable: Loaded 46350 Items in total.
2023.08.17 18:37:26,416	INFO	1	org.l2jmobius.gameserver.data.xml.CombinationItemsData	CombinationItemsData: Loaded 4434 combinations.
2023.08.17 18:37:26,426	INFO	1	org.l2jmobius.gameserver.data.xml.SayuneData	SayuneData: Loaded 71 maps.
2023.08.17 18:37:26,949	INFO	1	handlers.DailyMissionMasterHandler	DailyMissionMasterHandler: Loaded 21 handlers.
2023.08.17 18:37:26,974	INFO	1	org.l2jmobius.gameserver.data.xml.DailyMissionData	DailyMissionData: Loaded 130 one day rewards.
2023.08.17 18:37:26,975	INFO	1	org.l2jmobius.gameserver.GameServer	--------------------------------------------------=[ Skills ]
2023.08.17 18:37:28,187	INFO	1	handlers.EffectMasterHandler	EffectMasterHandler: Loaded 391 effect handlers.
2023.08.17 18:37:28,199	INFO	1	org.l2jmobius.gameserver.data.xml.EnchantSkillGroupsData	EnchantSkillGroupsData: Loaded 20 enchant routes, max enchant set to 20.
2023.08.17 18:37:31,184	INFO	1	org.l2jmobius.gameserver.data.xml.SkillData	SkillData: Loaded 194735 Skills.
2023.08.17 18:37:31,930	INFO	1	org.l2jmobius.gameserver.data.xml.SkillTreeData	SkillTreeData: Loaded 20512 Class skills for 150 class skill trees.
2023.08.17 18:37:31,931	INFO	1	org.l2jmobius.gameserver.data.xml.SkillTreeData	SkillTreeData: Loaded 1 sub-class skills.
2023.08.17 18:37:31,931	INFO	1	org.l2jmobius.gameserver.data.xml.SkillTreeData	SkillTreeData: Loaded 33 dual-class skills.
2023.08.17 18:37:31,932	INFO	1	org.l2jmobius.gameserver.data.xml.SkillTreeData	SkillTreeData: Loaded 104 transfer skills for 3 transfer skill trees.
2023.08.17 18:37:31,933	INFO	1	org.l2jmobius.gameserver.data.xml.SkillTreeData	SkillTreeData: Loaded 18 race skills for 7 race skill trees.
2023.08.17 18:37:31,933	INFO	1	org.l2jmobius.gameserver.data.xml.SkillTreeData	SkillTreeData: Loaded 35 fishing skills, 8 Dwarven only fishing skills.
2023.08.17 18:37:31,933	INFO	1	org.l2jmobius.gameserver.data.xml.SkillTreeData	SkillTreeData: Loaded 3 collect skills.
2023.08.17 18:37:31,937	INFO	1	org.l2jmobius.gameserver.data.xml.SkillTreeData	SkillTreeData: Loaded 11 clan skills, 0 for clan and 11 residential.
2023.08.17 18:37:31,937	INFO	1	org.l2jmobius.gameserver.data.xml.SkillTreeData	SkillTreeData: Loaded 0 sub-pledge skills.
2023.08.17 18:37:31,937	INFO	1	org.l2jmobius.gameserver.data.xml.SkillTreeData	SkillTreeData: Loaded 32 transform skills.
2023.08.17 18:37:31,938	INFO	1	org.l2jmobius.gameserver.data.xml.SkillTreeData	SkillTreeData: Loaded 24 noble skills.
2023.08.17 18:37:31,938	INFO	1	org.l2jmobius.gameserver.data.xml.SkillTreeData	SkillTreeData: Loaded 4 hero skills.
2023.08.17 18:37:31,938	INFO	1	org.l2jmobius.gameserver.data.xml.SkillTreeData	SkillTreeData: Loaded 61 game master skills.
2023.08.17 18:37:31,938	INFO	1	org.l2jmobius.gameserver.data.xml.SkillTreeData	SkillTreeData: Loaded 61 game master aura skills.
2023.08.17 18:37:31,938	INFO	1	org.l2jmobius.gameserver.data.xml.SkillTreeData	SkillTreeData: Loaded 123 ability skills.
2023.08.17 18:37:31,938	INFO	1	org.l2jmobius.gameserver.data.xml.SkillTreeData	SkillTreeData: Loaded 113 alchemy skills.
2023.08.17 18:37:31,938	INFO	1	org.l2jmobius.gameserver.data.xml.SkillTreeData	SkillTreeData: Loaded 37 class awaken save skills.
2023.08.17 18:37:31,938	INFO	1	org.l2jmobius.gameserver.data.xml.SkillTreeData	SkillTreeData: Loaded 20 Revelation skills.
2023.08.17 18:37:31,939	INFO	1	org.l2jmobius.gameserver.data.xml.SkillTreeData	SkillTreeData: Loaded 35 common skills.
2023.08.17 18:37:31,958	INFO	1	org.l2jmobius.gameserver.data.xml.PetSkillData	PetSkillData: Loaded 1084 skills.
2023.08.17 18:37:31,959	INFO	1	org.l2jmobius.gameserver.GameServer	---------------------------------------------------=[ Items ]
2023.08.17 18:37:32,146	INFO	1	org.l2jmobius.gameserver.data.xml.EnchantItemGroupsData	EnchantItemGroupsData: Loaded 33 item group templates.
2023.08.17 18:37:32,147	INFO	1	org.l2jmobius.gameserver.data.xml.EnchantItemGroupsData	EnchantItemGroupsData: Loaded 5 scroll group templates.
2023.08.17 18:37:32,148	INFO	1	org.l2jmobius.gameserver.data.xml.EnchantItemGroupsData	EnchantItemGroupsData: Max weapon enchant is set to 30.
2023.08.17 18:37:32,148	INFO	1	org.l2jmobius.gameserver.data.xml.EnchantItemGroupsData	EnchantItemGroupsData: Max armor enchant is set to 30.
2023.08.17 18:37:32,148	INFO	1	org.l2jmobius.gameserver.data.xml.EnchantItemGroupsData	EnchantItemGroupsData: Max accessory enchant is set to 30.
2023.08.17 18:37:32,170	INFO	1	org.l2jmobius.gameserver.data.xml.EnchantItemData	EnchantItemData: Loaded 288 enchant scrolls.
2023.08.17 18:37:32,171	INFO	1	org.l2jmobius.gameserver.data.xml.EnchantItemData	EnchantItemData: Loaded 104 support items.
2023.08.17 18:37:33,413	INFO	1	org.l2jmobius.gameserver.data.xml.OptionData	OptionData: Loaded 38459 options.
2023.08.17 18:37:33,429	INFO	1	org.l2jmobius.gameserver.data.xml.EnchantItemOptionsData	EnchantItemOptionsData: Loaded 357 items and 4714 options.
2023.08.17 18:37:33,437	INFO	1	org.l2jmobius.commons.util.IXmlReader	ElementalAttributeData: Loaded 139 elemental attribute items.
2023.08.17 18:37:33,457	INFO	1	org.l2jmobius.gameserver.data.xml.ItemCrystallizationData	ItemCrystallizationData: Loaded 13 crystallization templates.
2023.08.17 18:37:33,458	INFO	1	org.l2jmobius.gameserver.data.xml.ItemCrystallizationData	ItemCrystallizationData: Loaded 338 pre-defined crystallizable items.
2023.08.17 18:37:33,475	INFO	1	org.l2jmobius.gameserver.data.xml.ItemCrystallizationData	ItemCrystallizationData: Generated 5989 crystallizable items from templates.
2023.08.17 18:37:33,532	INFO	1	VariationData	VariationData: Loaded 38 variations.
2023.08.17 18:37:33,532	INFO	1	VariationData	VariationData: Loaded 2492 fees.
2023.08.17 18:37:33,558	INFO	1	org.l2jmobius.gameserver.data.xml.EnsoulData	EnsoulData: Loaded 128 fees.
2023.08.17 18:37:33,558	INFO	1	org.l2jmobius.gameserver.data.xml.EnsoulData	EnsoulData: Loaded 1169 options.
2023.08.17 18:37:33,559	INFO	1	org.l2jmobius.gameserver.data.xml.EnsoulData	EnsoulData: Loaded 125 stones.
2023.08.17 18:37:33,562	INFO	1	org.l2jmobius.gameserver.data.xml.EnchantItemHPBonusData	EnchantItemHPBonusData: Loaded 12 enchant HP bonuses.
2023.08.17 18:37:34,570	INFO	1	org.l2jmobius.gameserver.data.xml.BuyListData	BuyListData: Loaded 921 buyLists.
2023.08.17 18:37:35,274	INFO	1	org.l2jmobius.gameserver.data.xml.MultisellData	MultisellData: Loaded 603 multisell lists.
2023.08.17 18:37:35,303	INFO	1	org.l2jmobius.gameserver.data.xml.EquipmentUpgradeData	EquipmentUpgradeData: Loaded 6951 upgrade equipment data.
2023.08.17 18:37:35,322	INFO	1	org.l2jmobius.gameserver.data.xml.AgathionData	AgathionData: Loaded 435 agathion data.
2023.08.17 18:37:35,374	INFO	1	org.l2jmobius.gameserver.data.xml.RecipeData	RecipeData: Loaded 1780 recipes.
2023.08.17 18:37:35,403	INFO	1	org.l2jmobius.gameserver.data.xml.ArmorSetData	ArmorSetData: Loaded 370 armor sets.
2023.08.17 18:37:35,410	INFO	1	org.l2jmobius.gameserver.data.xml.FishingData	FishingData: Loaded 9 bait and 14 rod data.
2023.08.17 18:37:35,448	INFO	1	org.l2jmobius.gameserver.data.xml.HennaData	HennaData: Loaded 549 henna data.
2023.08.17 18:37:35,456	INFO	1	org.l2jmobius.gameserver.data.xml.PrimeShopData	PrimeShopData: Loaded 99 items.
2023.08.17 18:37:35,462	INFO	1	org.l2jmobius.gameserver.data.xml.LimitShopData	LimitShopData: Loaded 64 items.
2023.08.17 18:37:35,468	INFO	1	org.l2jmobius.gameserver.data.xml.LimitShopData	LimitShopCraftData: Loaded 118 items.
2023.08.17 18:37:35,480	INFO	1	org.l2jmobius.gameserver.data.xml.CollectionData	CollectionData: Loaded 217 collections.
2023.08.17 18:37:35,503	INFO	1	org.l2jmobius.gameserver.data.xml.AppearanceItemData	AppearanceItemData: Loaded 1282 stones.
2023.08.17 18:37:35,509	INFO	1	org.l2jmobius.gameserver.data.xml.AlchemyData	AlchemyData: Loaded 114 alchemy craft skills.
2023.08.17 18:37:35,521	INFO	1	org.l2jmobius.gameserver.instancemanager.PrivateStoreHistoryManager	PrivateStoreHistoryManager: Loaded 0 items history.
2023.08.17 18:37:35,529	INFO	1	org.l2jmobius.commons.util.IXmlReader	LuckyGameData: Loaded 2 lucky game data.
2023.08.17 18:37:35,531	INFO	1	org.l2jmobius.gameserver.data.xml.AttendanceRewardData	AttendanceRewardData: Disabled.
2023.08.17 18:37:35,531	INFO	1	org.l2jmobius.gameserver.GameServer	----------------------------------------------=[ Characters ]
2023.08.17 18:37:35,537	INFO	1	org.l2jmobius.gameserver.data.xml.ClassListData	ClassListData: Loaded 158 class data.
2023.08.17 18:37:35,542	INFO	1	org.l2jmobius.gameserver.data.xml.InitialEquipmentData	InitialEquipmentData: Loaded 14 initial equipment data.
2023.08.17 18:37:35,550	INFO	1	org.l2jmobius.gameserver.data.xml.InitialShortcutData	InitialShortcutData: Loaded 5 initial global shortcuts data.
2023.08.17 18:37:35,551	INFO	1	org.l2jmobius.gameserver.data.xml.InitialShortcutData	InitialShortcutData: Loaded 5 initial shortcuts data.
2023.08.17 18:37:35,551	INFO	1	org.l2jmobius.gameserver.data.xml.InitialShortcutData	InitialShortcutData: Loaded 0 macro presets.
2023.08.17 18:37:35,556	INFO	1	org.l2jmobius.gameserver.data.xml.ExperienceData	ExperienceData: Loaded 131 levels.
2023.08.17 18:37:35,556	INFO	1	org.l2jmobius.gameserver.data.xml.ExperienceData	ExperienceData: Max Player Level is 130.
2023.08.17 18:37:35,556	INFO	1	org.l2jmobius.gameserver.data.xml.ExperienceData	ExperienceData: Max Pet Level is 130.
2023.08.17 18:37:35,566	INFO	1	org.l2jmobius.gameserver.data.xml.KarmaData	KarmaData: Loaded 130 karma modifiers.
2023.08.17 18:37:35,571	INFO	1	org.l2jmobius.gameserver.data.xml.HitConditionBonusData	HitConditionBonusData: Loaded hit condition bonuses.
2023.08.17 18:37:36,129	INFO	1	org.l2jmobius.gameserver.data.xml.PlayerTemplateData	PlayerTemplateData: Loaded 150 character templates.
2023.08.17 18:37:36,129	INFO	1	org.l2jmobius.gameserver.data.xml.PlayerTemplateData	PlayerTemplateData: Loaded 108000 level up gain records.
2023.08.17 18:37:36,129	INFO	1	org.l2jmobius.gameserver.data.xml.PlayerTemplateData	PlayerTemplateData: Generated 1500 level up gain records.
2023.08.17 18:37:36,132	INFO	1	org.l2jmobius.gameserver.data.sql.CharNameTable	CharNameTable: Loaded 10 char names.
2023.08.17 18:37:36,138	INFO	1	org.l2jmobius.gameserver.data.xml.AdminData	AdminData: Loaded 10 access levels.
2023.08.17 18:37:36,142	INFO	1	org.l2jmobius.gameserver.data.xml.AdminData	AdminData: Loaded 468 access commands.
2023.08.17 18:37:36,431	INFO	1	org.l2jmobius.gameserver.data.xml.PetDataTable	PetDataTable: Loaded 56 pets.
2023.08.17 18:37:36,463	INFO	1	org.l2jmobius.gameserver.data.xml.CubicData	CubicData: Loaded 25 cubics.
2023.08.17 18:37:36,472	INFO	1	org.l2jmobius.gameserver.GameServer	---------------------------------------------------=[ Clans ]
2023.08.17 18:37:36,481	INFO	1	org.l2jmobius.gameserver.communitybbs.Manager.ForumsBBSManager	ForumsBBSManager: Loaded 4 forums. Last forum id used: 4
2023.08.17 18:37:36,495	INFO	1	org.l2jmobius.gameserver.data.sql.ClanTable	ClanTable: Restored 1 clans from the database.
2023.08.17 18:37:36,501	INFO	1	org.l2jmobius.gameserver.data.xml.ResidenceFunctionsData	ResidenceFunctionsData: Loaded 8 functions.
2023.08.17 18:37:36,625	INFO	1	org.l2jmobius.gameserver.data.xml.ClanHallData	ClanHallData: Succesfully loaded 57 clan halls.
2023.08.17 18:37:36,627	INFO	1	org.l2jmobius.gameserver.instancemanager.ClanHallAuctionManager	ClanHallAuctionManager: Clan Hall Auction has started!
2023.08.17 18:37:36,643	INFO	1	org.l2jmobius.gameserver.instancemanager.ClanEntryManager	ClanEntryManager: Loaded 0 clan entries.
2023.08.17 18:37:36,644	INFO	1	org.l2jmobius.gameserver.instancemanager.ClanEntryManager	ClanEntryManager: Loaded 0 players in waiting list.
2023.08.17 18:37:36,645	INFO	1	org.l2jmobius.gameserver.instancemanager.ClanEntryManager	ClanEntryManager: Loaded 0 player applications.
2023.08.17 18:37:36,648	INFO	1	org.l2jmobius.gameserver.data.xml.ClanMasteryData	ClanMasteryData: Loaded 16 clan masteries.
2023.08.17 18:37:36,655	INFO	1	org.l2jmobius.gameserver.data.xml.ClanShopData	ClanShopData: Loaded 13 clan shop products.
2023.08.17 18:37:36,655	INFO	1	org.l2jmobius.gameserver.GameServer	-------------------------------------------------=[ Geodata ]
2023.08.17 18:37:36,679	INFO	1	org.l2jmobius.gameserver.geoengine.GeoEngine	GeoEngine: Loaded 0 regions.
2023.08.17 18:37:36,679	INFO	1	org.l2jmobius.gameserver.GameServer	----------------------------------------------------=[ NPCs ]
2023.08.17 18:37:38,347	INFO	1	org.l2jmobius.gameserver.data.xml.NpcData	NpcData: Loaded 14789 NPCs.
2023.08.17 18:37:38,361	INFO	1	org.l2jmobius.gameserver.data.xml.NpcData	NpcData: Loaded 22 custom NPCs.
2023.08.17 18:37:38,362	INFO	1	org.l2jmobius.gameserver.data.xml.FakePlayerData	FakePlayerData: Disabled.
2023.08.17 18:37:38,364	INFO	1	org.l2jmobius.gameserver.instancemanager.FakePlayerChatManager	FakePlayerChatManager: Disabled.
2023.08.17 18:37:39,074	INFO	1	org.l2jmobius.gameserver.data.xml.SpawnData	SpawnData: Loaded 56172 spawns
2023.08.17 18:37:39,091	INFO	1	org.l2jmobius.gameserver.instancemanager.WalkingManager	WalkingManager: Loaded 197 walking routes.
2023.08.17 18:37:39,100	INFO	1	org.l2jmobius.gameserver.data.xml.StaticObjectData	StaticObjectData: Loaded 86 static object templates.
2023.08.17 18:37:39,113	INFO	1	org.l2jmobius.gameserver.model.itemauction.ItemAuctionInstance	ItemAuctionInstance: Loaded 21 item(s) and registered 3 auction(s) for instance 34328
2023.08.17 18:37:39,117	INFO	1	org.l2jmobius.gameserver.model.itemauction.ItemAuctionInstance	ItemAuctionInstance: Schedule next auction 4 on 17:00:00 19.08.23 for instance 34328
2023.08.17 18:37:39,117	INFO	1	org.l2jmobius.gameserver.instancemanager.ItemAuctionManager	ItemAuctionManager: Loaded 1 instances.
2023.08.17 18:37:39,141	INFO	1	org.l2jmobius.gameserver.instancemanager.CastleManager	CastleManager: Loaded 9 castles.
2023.08.17 18:37:39,145	INFO	1	org.l2jmobius.gameserver.instancemanager.GrandBossManager	GrandBossManager: Fafurion(19740) status is 0
2023.08.17 18:37:39,146	INFO	1	org.l2jmobius.gameserver.instancemanager.GrandBossManager	GrandBossManager: Kelbim(26124) status is 0
2023.08.17 18:37:39,146	INFO	1	org.l2jmobius.gameserver.instancemanager.GrandBossManager	GrandBossManager: Core(29006) status is 0
2023.08.17 18:37:39,146	INFO	1	org.l2jmobius.gameserver.instancemanager.GrandBossManager	GrandBossManager: Baium(29020) status is 0
2023.08.17 18:37:39,146	INFO	1	org.l2jmobius.gameserver.instancemanager.GrandBossManager	GrandBossManager: Valakas(29028) status is 0
2023.08.17 18:37:39,146	INFO	1	org.l2jmobius.gameserver.instancemanager.GrandBossManager	GrandBossManager: Antharas(29068) status is 0
2023.08.17 18:37:39,146	INFO	1	org.l2jmobius.gameserver.instancemanager.GrandBossManager	GrandBossManager: Beleth(29118) status is 0
2023.08.17 18:37:39,146	INFO	1	org.l2jmobius.gameserver.instancemanager.GrandBossManager	GrandBossManager: Earth Wyrm Trasken(29197) status is 0
2023.08.17 18:37:39,146	INFO	1	org.l2jmobius.gameserver.instancemanager.GrandBossManager	GrandBossManager: Lindvior(29240) status is 0
2023.08.17 18:37:39,146	INFO	1	org.l2jmobius.gameserver.instancemanager.GrandBossManager	GrandBossManager: Helios(29305) status is 0
2023.08.17 18:37:39,146	INFO	1	org.l2jmobius.gameserver.instancemanager.GrandBossManager	GrandBossManager: Orfen(29325) status is 0
2023.08.17 18:37:39,146	INFO	1	org.l2jmobius.gameserver.instancemanager.GrandBossManager	GrandBossManager: Lilith(29336) status is 0
2023.08.17 18:37:39,146	INFO	1	org.l2jmobius.gameserver.instancemanager.GrandBossManager	GrandBossManager: Anakim(29348) status is 0
2023.08.17 18:37:39,146	INFO	1	org.l2jmobius.gameserver.instancemanager.GrandBossManager	GrandBossManager: Queen Ant(29381) status is 0
2023.08.17 18:37:39,146	INFO	1	org.l2jmobius.gameserver.instancemanager.GrandBossManager	GrandBossManager: Loaded 14 instances.
2023.08.17 18:37:39,151	INFO	1	org.l2jmobius.commons.util.IXmlReader	HomunculusData: Loaded 30 templates.
2023.08.17 18:37:39,153	INFO	1	org.l2jmobius.commons.util.IXmlReader	HomunculusSlotData: Loaded 9 templates.
2023.08.17 18:37:39,157	INFO	1	org.l2jmobius.commons.util.IXmlReader	HomunculusCreationData: Loaded 2 templates.
2023.08.17 18:37:39,157	INFO	1	org.l2jmobius.gameserver.GameServer	------------------------------------------------=[ Instance ]
2023.08.17 18:37:39,161	INFO	1	org.l2jmobius.gameserver.instancemanager.InstanceManager	InstanceManager: Loaded 334 instance names.
2023.08.17 18:37:39,434	INFO	1	org.l2jmobius.gameserver.instancemanager.InstanceManager	InstanceManager: Loaded 159 instance templates.
2023.08.17 18:37:39,434	INFO	1	org.l2jmobius.gameserver.instancemanager.InstanceManager	InstanceManager: Loaded instance reenter times for 0 players.
2023.08.17 18:37:39,434	INFO	1	org.l2jmobius.gameserver.GameServer	------------------------------------------------=[ Olympiad ]
2023.08.17 18:37:39,440	INFO	1	org.l2jmobius.gameserver.model.olympiad.Olympiad	Olympiad System: Loading....
2023.08.17 18:37:39,440	INFO	1	org.l2jmobius.gameserver.model.olympiad.Olympiad	Olympiad System: Currently in Olympiad Period
2023.08.17 18:37:39,441	INFO	1	org.l2jmobius.gameserver.model.olympiad.Olympiad	Olympiad System: 7 days, 17 hours and 22 mins until period ends.
2023.08.17 18:37:39,441	INFO	1	org.l2jmobius.gameserver.model.olympiad.Olympiad	Olympiad System: Next weekly change is in 5 days, 5 hours and 5 mins.
2023.08.17 18:37:39,441	INFO	1	org.l2jmobius.gameserver.model.olympiad.Olympiad	Olympiad System: Loaded 0 Nobles
2023.08.17 18:37:39,444	INFO	1	org.l2jmobius.gameserver.model.olympiad.Olympiad	Olympiad System: Competition Period Starts in 1 days, 1 hours and 23 mins.
2023.08.17 18:37:39,444	INFO	1	org.l2jmobius.gameserver.model.olympiad.Olympiad	Olympiad System: Event starts/started: Fri Aug 18 20:00:39 EEST 2023
2023.08.17 18:37:39,448	INFO	1	org.l2jmobius.gameserver.model.olympiad.Hero	Hero System: Loaded 0 Heroes.
2023.08.17 18:37:39,448	INFO	1	org.l2jmobius.gameserver.model.olympiad.Hero	Hero System: Loaded 0 all time Heroes.
2023.08.17 18:37:39,448	INFO	1	org.l2jmobius.gameserver.GameServer	---------------------------------------------------=[ Cache ]
2023.08.17 18:37:39,449	INFO	1	org.l2jmobius.gameserver.cache.HtmCache	Html cache start...
2023.08.17 18:37:40,731	INFO	1	org.l2jmobius.gameserver.cache.HtmCache	Cache[HTML]: 4.247 megabytes on 6397 files loaded.
2023.08.17 18:37:40,733	INFO	1	org.l2jmobius.gameserver.data.sql.CrestTable	CrestTable: Loaded 0 Crests.
2023.08.17 18:37:40,737	INFO	1	org.l2jmobius.gameserver.data.xml.TeleportListData	TeleportListData: Loaded 104 teleports.
2023.08.17 18:37:41,143	INFO	1	org.l2jmobius.gameserver.data.xml.TeleporterData	TeleporterData: Loaded 168 npc teleporters.
2023.08.17 18:37:41,146	INFO	1	org.l2jmobius.gameserver.data.xml.TimedHuntingZoneData	TimedHuntingZoneData: Loaded 10 timed hunting zones.
2023.08.17 18:37:41,156	INFO	1	org.l2jmobius.gameserver.instancemanager.CursedWeaponsManager	CursedWeaponsManager: Loaded 2 cursed weapons.
2023.08.17 18:37:41,497	INFO	1	org.l2jmobius.gameserver.data.xml.TransformData	TransformData: Loaded 180 transform templates.
2023.08.17 18:37:41,505	INFO	1	org.l2jmobius.gameserver.data.BotReportTable	BotReportTable: Loaded 0 bot reports
2023.08.17 18:37:41,513	INFO	1	org.l2jmobius.gameserver.instancemanager.SellBuffsManager	SellBuffsManager: Loaded 145 allowed buffs.
2023.08.17 18:37:41,513	INFO	1	org.l2jmobius.gameserver.GameServer	-------------------------------------------------=[ Scripts ]
2023.08.17 18:37:41,522	INFO	1	org.l2jmobius.gameserver.instancemanager.AirShipManager	AirShipManager: Loaded 0 private airships
2023.08.17 18:37:41,535	INFO	1	org.l2jmobius.gameserver.data.xml.ShuttleData	ShuttleData: Loaded 3 shuttles.
2023.08.17 18:37:41,536	INFO	1	org.l2jmobius.gameserver.GameServer	GameServer: Loading server scripts:
2023.08.17 18:37:41,885	INFO	1	handlers.MasterHandler	Loading Handlers...
2023.08.17 18:37:41,962	INFO	1	handlers.MasterHandler	ActionHandler: Loaded 10 handlers.
2023.08.17 18:37:41,962	INFO	1	handlers.MasterHandler	ActionShiftHandler: Loaded 6 handlers.
2023.08.17 18:37:41,962	INFO	1	handlers.MasterHandler	AdminCommandHandler: Loaded 461 handlers.
2023.08.17 18:37:41,962	INFO	1	handlers.MasterHandler	BypassHandler: Loaded 30 handlers.
2023.08.17 18:37:41,962	INFO	1	handlers.MasterHandler	ChatHandler: Loaded 14 handlers.
2023.08.17 18:37:41,962	INFO	1	handlers.MasterHandler	CommunityBoardHandler: Loaded 24 handlers.
2023.08.17 18:37:41,962	INFO	1	handlers.MasterHandler	ItemHandler: Loaded 34 handlers.
2023.08.17 18:37:41,962	INFO	1	handlers.MasterHandler	PunishmentHandler: Loaded 3 handlers.
2023.08.17 18:37:41,962	INFO	1	handlers.MasterHandler	UserCommandHandler: Loaded 16 handlers.
2023.08.17 18:37:41,962	INFO	1	handlers.MasterHandler	VoicedCommandHandler: Loaded 11 handlers.
2023.08.17 18:37:41,962	INFO	1	handlers.MasterHandler	TargetHandler: Loaded 21 handlers.
2023.08.17 18:37:41,962	INFO	1	handlers.MasterHandler	AffectObjectHandler: Loaded 11 handlers.
2023.08.17 18:37:41,962	INFO	1	handlers.MasterHandler	AffectScopeHandler: Loaded 19 handlers.
2023.08.17 18:37:41,962	INFO	1	handlers.MasterHandler	PlayerActionHandler: Loaded 25 handlers.
2023.08.17 18:37:41,962	INFO	1	handlers.MasterHandler	Handlers Loaded...
2023.08.17 18:37:47,815	INFO	1	ai.areas.FantasyIsle.HandysBlockCheckerEvent	Handy's Block Checker Event is disabled
2023.08.17 18:37:47,821	INFO	1	ai.areas.FantasyIsle.Parade	Fantasy Isle: Parade starting at 2023/08/17 21:20 and is scheduled each next 1 hours.
2023.08.17 18:37:47,826	INFO	1	ai.areas.FantasyIsle.TalentShow	Fantasy Isle: MC show script starting at 18/08/2023 00:21:47 and is scheduled each next 4 hours.
2023.08.17 18:37:48,029	INFO	1	org.l2jmobius.gameserver.instancemanager.GrandBossManager	GrandBossManager: Updated Anakim(29348) status to 0.
2023.08.17 18:37:48,074	INFO	1	org.l2jmobius.gameserver.instancemanager.GrandBossManager	GrandBossManager: Updated Etis van Etina(29318) status to 0.
2023.08.17 18:37:48,094	INFO	1	org.l2jmobius.gameserver.instancemanager.GrandBossManager	GrandBossManager: Updated Fafurion(19740) status to 0.
2023.08.17 18:37:48,108	INFO	1	org.l2jmobius.gameserver.instancemanager.GrandBossManager	GrandBossManager: Updated Helios(29305) status to 0.
2023.08.17 18:37:48,129	INFO	1	org.l2jmobius.gameserver.instancemanager.GrandBossManager	GrandBossManager: Updated Lilith(29336) status to 0.
2023.08.17 18:37:48,139	INFO	1	org.l2jmobius.gameserver.instancemanager.GrandBossManager	GrandBossManager: Updated Lindvior(29240) status to 0.
2023.08.17 18:37:48,175	INFO	1	ai.bosses.Tiat.Stage1	[Seed of Destruction] Loaded 51 spawn zones data.
2023.08.17 18:37:48,237	INFO	1	ai.others.ClassMaster.ClassMaster	ClassMaster: Loaded 0 class change options.
2023.08.17 18:37:48,327	INFO	1	ai.others.MentorGuide.MentorGuide	MentorGuide: Loaded 4 mentee coins
2023.08.17 18:37:48,341	INFO	1	ai.others.NpcBuffers.NpcBuffersData	NpcBuffersData: Loaded 6 buffers data.
2023.08.17 18:37:48,436	INFO	1	org.l2jmobius.gameserver.model.quest.Quest	Event Balthus Event has passed... Ignored 
2023.08.17 18:37:48,439	INFO	1	org.l2jmobius.gameserver.model.quest.Quest	Event Birth of Draco has passed... Ignored 
2023.08.17 18:37:48,447	INFO	1	org.l2jmobius.gameserver.model.quest.Quest	Event Chuseok Harvest Festival has passed... Ignored 
2023.08.17 18:37:48,451	INFO	1	org.l2jmobius.gameserver.model.quest.Quest	Event Dragon Slayer has passed... Ignored 
2023.08.17 18:37:48,459	INFO	1	org.l2jmobius.gameserver.model.quest.Quest	Event Dream Maker has passed... Ignored 
2023.08.17 18:37:48,473	INFO	1	org.l2jmobius.gameserver.model.quest.Quest	Event Eve the Fortune Teller active till Tue Dec 18 00:00:00 EET 2029
2023.08.17 18:37:48,476	INFO	1	org.l2jmobius.gameserver.model.quest.Quest	Event Freya Celebration has passed... Ignored 
2023.08.17 18:37:48,481	INFO	1	org.l2jmobius.gameserver.model.quest.Quest	Event Gift of Vitality has passed... Ignored 
2023.08.17 18:37:48,486	INFO	1	org.l2jmobius.gameserver.model.quest.Quest	Event Halloween has passed... Ignored 
2023.08.17 18:37:48,492	INFO	1	org.l2jmobius.gameserver.model.quest.Quest	Event Heavy Medal has passed... Ignored 
2023.08.17 18:37:48,496	INFO	1	org.l2jmobius.gameserver.model.quest.Quest	Event Hungry Horse has passed... Ignored 
2023.08.17 18:37:48,501	INFO	1	org.l2jmobius.gameserver.model.quest.Quest	Event Hunt for Santa has passed... Ignored 
2023.08.17 18:37:48,504	INFO	1	org.l2jmobius.gameserver.model.quest.Quest	Event Legend's Mark has passed... Ignored 
2023.08.17 18:37:48,509	INFO	1	org.l2jmobius.gameserver.model.quest.Quest	Event Letter Collector has passed... Ignored 
2023.08.17 18:37:48,514	INFO	1	org.l2jmobius.gameserver.model.quest.Quest	Event Lovers Jubilee has passed... Ignored 
2023.08.17 18:37:48,518	INFO	1	org.l2jmobius.gameserver.model.quest.Quest	Event Love Your Gatekeeper has passed... Ignored 
2023.08.17 18:37:48,521	INFO	1	org.l2jmobius.gameserver.model.quest.Quest	Event Master of Enchanting has passed... Ignored 
2023.08.17 18:37:48,527	INFO	1	org.l2jmobius.gameserver.model.quest.Quest	Event Red Libra has passed... Ignored 
2023.08.17 18:37:48,532	INFO	1	org.l2jmobius.gameserver.model.quest.Quest	Event Rudolphs Blessing has passed... Ignored 
2023.08.17 18:37:48,539	INFO	1	org.l2jmobius.gameserver.model.quest.Quest	Event Saving Santa has passed... Ignored 
2023.08.17 18:37:48,548	INFO	1	org.l2jmobius.gameserver.model.quest.Quest	Event Smash It Completely has passed... Ignored 
2023.08.17 18:37:48,555	INFO	1	org.l2jmobius.gameserver.model.quest.Quest	Event Snowman Energy has passed... Ignored 
2023.08.17 18:37:48,558	INFO	1	org.l2jmobius.gameserver.model.quest.Quest	Event The Power Of Love has passed... Ignored 
2023.08.17 18:37:48,562	INFO	1	org.l2jmobius.gameserver.model.quest.Quest	Event Training with Dandy has passed... Ignored 
2023.08.17 18:37:48,775	INFO	1	org.l2jmobius.gameserver.data.xml.SpawnData	SpawnData: Initializing spawns...
2023.08.17 18:37:49,009	INFO	1	org.l2jmobius.gameserver.instancemanager.DBSpawnManager	DBSpawnManager: Loaded 33 instances.
2023.08.17 18:37:49,009	INFO	1	org.l2jmobius.gameserver.instancemanager.DBSpawnManager	DBSpawnManager: Scheduled 0 instances.
2023.08.17 18:37:59,029	INFO	1	org.l2jmobius.gameserver.data.xml.SpawnData	SpawnData: All spawns has been initialized!
2023.08.17 18:37:59,029	INFO	1	org.l2jmobius.gameserver.GameServer	---------------------------------------------------=[ Siege ]
2023.08.17 18:37:59,039	INFO	1	org.l2jmobius.gameserver.data.xml.SiegeScheduleData	SiegeScheduleData: Loaded 9 siege schedulers.
2023.08.17 18:37:59,039	INFO	1	org.l2jmobius.gameserver.model.siege.Siege	Siege of Gludio: Sun Aug 20 16:00:00 EEST 2023
2023.08.17 18:37:59,042	INFO	1	org.l2jmobius.gameserver.model.siege.Siege	Siege of Dion: Sun Aug 20 20:00:00 EEST 2023
2023.08.17 18:37:59,042	INFO	1	org.l2jmobius.gameserver.model.siege.Siege	Siege of Giran: Sun Aug 20 16:00:00 EEST 2023
2023.08.17 18:37:59,043	INFO	1	org.l2jmobius.gameserver.model.siege.Siege	Siege of Oren: Sun Aug 20 20:00:00 EEST 2023
2023.08.17 18:37:59,043	INFO	1	org.l2jmobius.gameserver.model.siege.Siege	Siege of Aden: Sun Aug 20 16:00:00 EEST 2023
2023.08.17 18:37:59,043	INFO	1	org.l2jmobius.gameserver.model.siege.Siege	Siege of Innadril: Sun Aug 20 20:00:00 EEST 2023
2023.08.17 18:37:59,043	INFO	1	org.l2jmobius.gameserver.model.siege.Siege	Siege of Goddard: Sun Aug 20 16:00:00 EEST 2023
2023.08.17 18:37:59,044	INFO	1	org.l2jmobius.gameserver.model.siege.Siege	Siege of Rune: Sun Aug 20 20:00:00 EEST 2023
2023.08.17 18:37:59,044	INFO	1	org.l2jmobius.gameserver.model.siege.Siege	Siege of Schuttgart: Sun Aug 20 16:00:00 EEST 2023
2023.08.17 18:37:59,136	INFO	1	org.l2jmobius.gameserver.instancemanager.FortManager	FortManager: Loaded 20 fortress.
2023.08.17 18:37:59,194	INFO	1	org.l2jmobius.gameserver.instancemanager.CastleManorManager	CastleManorManager: Loaded 258 seeds.
2023.08.17 18:37:59,198	INFO	1	org.l2jmobius.gameserver.instancemanager.CastleManorManager	CastleManorManager: Manor data loaded.
2023.08.17 18:37:59,208	INFO	1	org.l2jmobius.gameserver.instancemanager.SiegeGuardManager	SiegeGuardManager: Loaded 0 siege guards tickets.
2023.08.17 18:37:59,209	INFO	1	org.l2jmobius.gameserver.instancemanager.QuestManager	QuestManager: Loaded 63 quests.
2023.08.17 18:37:59,209	INFO	1	org.l2jmobius.gameserver.instancemanager.QuestManager	QuestManager: Loaded 432 scripts.
2023.08.17 18:37:59,223	INFO	1	org.l2jmobius.gameserver.taskmanager.TaskManager	TaskManager: Loaded 5 Tasks.
2023.08.17 18:37:59,226	INFO	1	org.l2jmobius.gameserver.instancemanager.DailyTaskManager	DailyTaskManager: Next schedule at 18/08 06:30.
2023.08.17 18:37:59,231	INFO	1	org.l2jmobius.gameserver.instancemanager.MailManager	MailManager: Loaded 0 messages.
2023.08.17 18:37:59,236	INFO	1	org.l2jmobius.gameserver.instancemanager.PunishmentManager	PunishmentManager: Loaded 0 active and 0 expired punishments.
2023.08.17 18:37:59,238	INFO	1	org.l2jmobius.gameserver.GameServer	IdManager: Free ObjectID's remaining: 1878969428
2023.08.17 18:37:59,242	INFO	1	org.l2jmobius.gameserver.data.sql.OfflineTraderTable	OfflineTraderTable: Loading offline traders...
2023.08.17 18:37:59,243	INFO	1	org.l2jmobius.gameserver.data.sql.OfflineTraderTable	OfflineTraderTable: Loaded 0 offline traders.
2023.08.17 18:37:59,752	INFO	1	org.l2jmobius.gameserver.GameServer	GameServer: Started, using 1523 of 4064 MB total memory.
2023.08.17 18:37:59,752	INFO	1	org.l2jmobius.gameserver.GameServer	GameServer: Maximum number of connected players is 2000.
2023.08.17 18:37:59,753	INFO	1	org.l2jmobius.gameserver.GameServer	GameServer: Server loaded in 37 seconds.
2023.08.17 18:37:59,759	INFO	106	org.l2jmobius.commons.network.NetServer	GameServer: Listening on port 7777 for incoming connections.
2023.08.17 18:37:59,769	INFO	107	org.l2jmobius.gameserver.LoginServerThread	LoginServerThread: Connecting to login on 192.168.0.110:9014
2023.08.17 18:37:59,818	INFO	107	org.l2jmobius.gameserver.LoginServerThread	LoginServerThread: Registered on login as Server 2: Sieghardt
2023.08.17 18:38:09,744	WARNING	112	org.l2jmobius.gameserver.model.actor.Creature	Master access level set for character f! Just a warning to be careful ;)
2023.08.17 18:42:17,684	INFO	22	org.l2jmobius.gameserver.data.xml.MultisellData	MultisellData: Loaded 603 multisell lists.
2023.08.17 19:07:59,240	INFO	33	org.l2jmobius.gameserver.instancemanager.GlobalVariablesManager	GlobalVariablesManager: Stored 16 variables.
2023.08.17 19:29:30,585	WARNING	22	org.l2jmobius.gameserver.Shutdown	Server scheduled restart issued shutdown command. Shutdown in 1 seconds!
2023.08.17 19:29:31,601	WARNING	156	org.l2jmobius.gameserver.Shutdown	GM shutdown countdown is over. shutting down NOW!
2023.08.17 19:29:31,619	INFO	156	org.l2jmobius.gameserver.Shutdown	All players disconnected and saved(17ms).
2023.08.17 19:29:31,619	INFO	156	org.l2jmobius.gameserver.Shutdown	Game Time Task Manager: Thread interruped(0ms).
2023.08.17 19:29:31,619	INFO	156	org.l2jmobius.commons.threads.ThreadPool	ThreadPool: Shutting down.
2023.08.17 19:29:31,620	INFO	156	org.l2jmobius.gameserver.Shutdown	Thread Pool Manager: Manager has been shut down(1ms).
2023.08.17 19:29:31,620	INFO	156	org.l2jmobius.gameserver.Shutdown	Login Server Thread: Thread interruped(0ms).
2023.08.17 19:29:31,620	INFO	156	org.l2jmobius.gameserver.Shutdown	GM shutdown received. Shutting down NOW!
2023.08.17 19:29:31,626	INFO	156	org.l2jmobius.gameserver.Shutdown	RaidBossSpawnManager: All raidboss info saved(6ms).
2023.08.17 19:29:31,629	INFO	156	org.l2jmobius.gameserver.Shutdown	GrandBossManager: All Grand Boss info saved(2ms).
2023.08.17 19:29:31,629	INFO	156	org.l2jmobius.gameserver.Shutdown	Item Auction Manager: All tasks stopped(1ms).
2023.08.17 19:29:31,636	INFO	156	org.l2jmobius.gameserver.Shutdown	Olympiad System: Data saved(7ms).
2023.08.17 19:29:31,637	INFO	156	org.l2jmobius.gameserver.Shutdown	Hero System: Data saved(1ms).
2023.08.17 19:29:31,639	INFO	156	org.l2jmobius.gameserver.Shutdown	Clan System: Data saved(2ms).
2023.08.17 19:29:31,644	INFO	156	org.l2jmobius.gameserver.Shutdown	Cursed Weapons Manager: Data saved(5ms).
2023.08.17 19:29:31,646	INFO	156	org.l2jmobius.gameserver.Shutdown	Castle Manor Manager: Data saved(2ms).
2023.08.17 19:29:31,647	INFO	156	org.l2jmobius.gameserver.Shutdown	Quest Manager: Data saved(1ms).
2023.08.17 19:29:31,659	INFO	156	org.l2jmobius.gameserver.instancemanager.GlobalVariablesManager	GlobalVariablesManager: Stored 16 variables.
2023.08.17 19:29:31,660	INFO	156	org.l2jmobius.gameserver.Shutdown	Global Variables Manager: Variables saved(12ms).
2023.08.17 19:29:31,660	INFO	156	org.l2jmobius.gameserver.Shutdown	Bot Report Table: Successfully saved reports to database!
2023.08.17 19:29:36,689	INFO	156	org.l2jmobius.gameserver.Shutdown	Database Factory: Database connection has been shut down(14ms).
2023.08.17 19:29:36,689	INFO	156	org.l2jmobius.gameserver.Shutdown	The server has been successfully shut down in 5seconds.
