2023.08.19 04:15:58,304	INFO	1	org.l2jmobius.commons.util.IXmlReader	Network Config: ipconfig.xml exists using manual configuration...
2023.08.19 04:15:58,421	INFO	1	org.l2jmobius.Config	Loaded 6 Filter Words.
2023.08.19 04:15:58,438	INFO	1	org.l2jmobius.gameserver.GameServer	------------------------------------------------=[ Database ]
2023.08.19 04:15:58,752	INFO	1	org.l2jmobius.commons.database.DatabaseFactory	Database: Initialized.
2023.08.19 04:15:58,753	INFO	1	org.l2jmobius.gameserver.GameServer	----------------------------------------------=[ ThreadPool ]
2023.08.19 04:15:58,754	INFO	1	org.l2jmobius.commons.threads.ThreadPool	ThreadPool: Initialized
2023.08.19 04:15:58,760	INFO	1	org.l2jmobius.commons.threads.ThreadPool	...scheduled pool executor with 48 total threads.
2023.08.19 04:15:58,761	INFO	1	org.l2jmobius.commons.threads.ThreadPool	...instant pool executor with 24 total threads.
2023.08.19 04:15:58,763	INFO	1	org.l2jmobius.gameserver.GameServer	-----------------------------------------------=[ IdManager ]
2023.08.19 04:15:58,765	INFO	1	org.l2jmobius.gameserver.instancemanager.IdManager	Updated characters online status.
2023.08.19 04:15:58,788	INFO	1	org.l2jmobius.gameserver.instancemanager.IdManager	IdManager: Cleaned 0 elements from database in 0 seconds.
2023.08.19 04:15:58,793	INFO	1	org.l2jmobius.gameserver.instancemanager.IdManager	IdManager: Cleaned 6 expired timestamps from database.
2023.08.19 04:15:58,796	INFO	1	org.l2jmobius.gameserver.instancemanager.IdManager	IdManager: 102912 id's available.
2023.08.19 04:15:58,797	INFO	1	org.l2jmobius.gameserver.GameServer	----------------------------------------=[ Scripting Engine ]
2023.08.19 04:15:58,898	INFO	1	org.l2jmobius.gameserver.scripting.ScriptEngineManager	Loaded 827 files to exclude.
2023.08.19 04:15:58,898	INFO	1	org.l2jmobius.gameserver.GameServer	---------------------------------------------------=[ World ]
2023.08.19 04:15:58,930	INFO	1	org.l2jmobius.gameserver.model.World	World: (288 by 272) World Region Grid set up.
2023.08.19 04:15:59,076	INFO	1	org.l2jmobius.gameserver.instancemanager.MapRegionManager	MapRegionManager: Loaded 61 map regions.
2023.08.19 04:15:59,081	INFO	1	org.l2jmobius.gameserver.instancemanager.ZoneManager	ZoneManager 19 by 18 Zone Region Grid set up.
2023.08.19 04:15:59,465	INFO	1	org.l2jmobius.gameserver.instancemanager.ZoneManager	ZoneManager: Loaded 34 zone classes and 2966 zones.
2023.08.19 04:15:59,468	INFO	1	org.l2jmobius.gameserver.instancemanager.ZoneManager	ZoneManager: Last static id 210110.
2023.08.19 04:15:59,687	INFO	1	org.l2jmobius.gameserver.data.xml.DoorData	DoorData: Loaded 1474 doors.
2023.08.19 04:15:59,695	INFO	1	FenceData	FenceData: Loaded 1 fences.
2023.08.19 04:15:59,705	INFO	1	org.l2jmobius.gameserver.instancemanager.GlobalVariablesManager	GlobalVariablesManager: Loaded 16 variables.
2023.08.19 04:15:59,705	INFO	1	org.l2jmobius.gameserver.GameServer	----------------------------------------------------=[ Data ]
2023.08.19 04:15:59,711	INFO	1	org.l2jmobius.gameserver.data.xml.ActionData	ActionData: Loaded 217 player actions.
2023.08.19 04:15:59,738	INFO	1	org.l2jmobius.gameserver.data.xml.CategoryData	CategoryData: Loaded 216 categories.
2023.08.19 04:15:59,745	INFO	1	org.l2jmobius.gameserver.data.xml.SecondaryAuthData	SecondaryAuthData: Loaded 328 forbidden passwords.
2023.08.19 04:16:01,384	INFO	1	org.l2jmobius.gameserver.data.ItemTable	ItemTable: Highest item id used: 96959
2023.08.19 04:16:01,392	INFO	1	org.l2jmobius.gameserver.data.ItemTable	ItemTable: Loaded 24456 Etc Items
2023.08.19 04:16:01,393	INFO	1	org.l2jmobius.gameserver.data.ItemTable	ItemTable: Loaded 12781 Armor Items
2023.08.19 04:16:01,393	INFO	1	org.l2jmobius.gameserver.data.ItemTable	ItemTable: Loaded 9113 Weapon Items
2023.08.19 04:16:01,393	INFO	1	org.l2jmobius.gameserver.data.ItemTable	ItemTable: Loaded 46350 Items in total.
2023.08.19 04:16:01,415	INFO	1	org.l2jmobius.gameserver.data.xml.CombinationItemsData	CombinationItemsData: Loaded 4434 combinations.
2023.08.19 04:16:01,424	INFO	1	org.l2jmobius.gameserver.data.xml.SayuneData	SayuneData: Loaded 71 maps.
2023.08.19 04:16:01,862	INFO	1	handlers.DailyMissionMasterHandler	DailyMissionMasterHandler: Loaded 21 handlers.
2023.08.19 04:16:01,888	INFO	1	org.l2jmobius.gameserver.data.xml.DailyMissionData	DailyMissionData: Loaded 130 one day rewards.
2023.08.19 04:16:01,888	INFO	1	org.l2jmobius.gameserver.GameServer	--------------------------------------------------=[ Skills ]
2023.08.19 04:16:02,994	INFO	1	handlers.EffectMasterHandler	EffectMasterHandler: Loaded 391 effect handlers.
2023.08.19 04:16:03,003	INFO	1	org.l2jmobius.gameserver.data.xml.EnchantSkillGroupsData	EnchantSkillGroupsData: Loaded 20 enchant routes, max enchant set to 20.
2023.08.19 04:16:06,103	INFO	1	org.l2jmobius.gameserver.data.xml.SkillData	SkillData: Loaded 194737 Skills.
2023.08.19 04:16:06,563	INFO	1	org.l2jmobius.gameserver.data.xml.SkillTreeData	SkillTreeData: Loaded 20512 Class skills for 150 class skill trees.
2023.08.19 04:16:06,563	INFO	1	org.l2jmobius.gameserver.data.xml.SkillTreeData	SkillTreeData: Loaded 1 sub-class skills.
2023.08.19 04:16:06,564	INFO	1	org.l2jmobius.gameserver.data.xml.SkillTreeData	SkillTreeData: Loaded 33 dual-class skills.
2023.08.19 04:16:06,564	INFO	1	org.l2jmobius.gameserver.data.xml.SkillTreeData	SkillTreeData: Loaded 104 transfer skills for 3 transfer skill trees.
2023.08.19 04:16:06,564	INFO	1	org.l2jmobius.gameserver.data.xml.SkillTreeData	SkillTreeData: Loaded 18 race skills for 7 race skill trees.
2023.08.19 04:16:06,564	INFO	1	org.l2jmobius.gameserver.data.xml.SkillTreeData	SkillTreeData: Loaded 35 fishing skills, 8 Dwarven only fishing skills.
2023.08.19 04:16:06,564	INFO	1	org.l2jmobius.gameserver.data.xml.SkillTreeData	SkillTreeData: Loaded 3 collect skills.
2023.08.19 04:16:06,567	INFO	1	org.l2jmobius.gameserver.data.xml.SkillTreeData	SkillTreeData: Loaded 11 clan skills, 0 for clan and 11 residential.
2023.08.19 04:16:06,567	INFO	1	org.l2jmobius.gameserver.data.xml.SkillTreeData	SkillTreeData: Loaded 0 sub-pledge skills.
2023.08.19 04:16:06,567	INFO	1	org.l2jmobius.gameserver.data.xml.SkillTreeData	SkillTreeData: Loaded 32 transform skills.
2023.08.19 04:16:06,568	INFO	1	org.l2jmobius.gameserver.data.xml.SkillTreeData	SkillTreeData: Loaded 24 noble skills.
2023.08.19 04:16:06,568	INFO	1	org.l2jmobius.gameserver.data.xml.SkillTreeData	SkillTreeData: Loaded 4 hero skills.
2023.08.19 04:16:06,568	INFO	1	org.l2jmobius.gameserver.data.xml.SkillTreeData	SkillTreeData: Loaded 61 game master skills.
2023.08.19 04:16:06,568	INFO	1	org.l2jmobius.gameserver.data.xml.SkillTreeData	SkillTreeData: Loaded 61 game master aura skills.
2023.08.19 04:16:06,568	INFO	1	org.l2jmobius.gameserver.data.xml.SkillTreeData	SkillTreeData: Loaded 123 ability skills.
2023.08.19 04:16:06,568	INFO	1	org.l2jmobius.gameserver.data.xml.SkillTreeData	SkillTreeData: Loaded 113 alchemy skills.
2023.08.19 04:16:06,568	INFO	1	org.l2jmobius.gameserver.data.xml.SkillTreeData	SkillTreeData: Loaded 37 class awaken save skills.
2023.08.19 04:16:06,568	INFO	1	org.l2jmobius.gameserver.data.xml.SkillTreeData	SkillTreeData: Loaded 20 Revelation skills.
2023.08.19 04:16:06,568	INFO	1	org.l2jmobius.gameserver.data.xml.SkillTreeData	SkillTreeData: Loaded 35 common skills.
2023.08.19 04:16:06,580	INFO	1	org.l2jmobius.gameserver.data.xml.PetSkillData	PetSkillData: Loaded 1084 skills.
2023.08.19 04:16:06,580	INFO	1	org.l2jmobius.gameserver.GameServer	---------------------------------------------------=[ Items ]
2023.08.19 04:16:06,648	INFO	1	org.l2jmobius.gameserver.data.xml.EnchantItemGroupsData	EnchantItemGroupsData: Loaded 33 item group templates.
2023.08.19 04:16:06,648	INFO	1	org.l2jmobius.gameserver.data.xml.EnchantItemGroupsData	EnchantItemGroupsData: Loaded 5 scroll group templates.
2023.08.19 04:16:06,648	INFO	1	org.l2jmobius.gameserver.data.xml.EnchantItemGroupsData	EnchantItemGroupsData: Max weapon enchant is set to 30.
2023.08.19 04:16:06,649	INFO	1	org.l2jmobius.gameserver.data.xml.EnchantItemGroupsData	EnchantItemGroupsData: Max armor enchant is set to 30.
2023.08.19 04:16:06,649	INFO	1	org.l2jmobius.gameserver.data.xml.EnchantItemGroupsData	EnchantItemGroupsData: Max accessory enchant is set to 30.
2023.08.19 04:16:06,684	INFO	1	org.l2jmobius.gameserver.data.xml.EnchantItemData	EnchantItemData: Loaded 288 enchant scrolls.
2023.08.19 04:16:06,684	INFO	1	org.l2jmobius.gameserver.data.xml.EnchantItemData	EnchantItemData: Loaded 104 support items.
2023.08.19 04:16:07,482	INFO	1	org.l2jmobius.gameserver.data.xml.OptionData	OptionData: Loaded 38459 options.
2023.08.19 04:16:07,499	INFO	1	org.l2jmobius.gameserver.data.xml.EnchantItemOptionsData	EnchantItemOptionsData: Loaded 357 items and 4714 options.
2023.08.19 04:16:07,504	INFO	1	org.l2jmobius.commons.util.IXmlReader	ElementalAttributeData: Loaded 139 elemental attribute items.
2023.08.19 04:16:07,516	INFO	1	org.l2jmobius.gameserver.data.xml.ItemCrystallizationData	ItemCrystallizationData: Loaded 13 crystallization templates.
2023.08.19 04:16:07,516	INFO	1	org.l2jmobius.gameserver.data.xml.ItemCrystallizationData	ItemCrystallizationData: Loaded 338 pre-defined crystallizable items.
2023.08.19 04:16:07,527	INFO	1	org.l2jmobius.gameserver.data.xml.ItemCrystallizationData	ItemCrystallizationData: Generated 5989 crystallizable items from templates.
2023.08.19 04:16:07,558	INFO	1	VariationData	VariationData: Loaded 38 variations.
2023.08.19 04:16:07,558	INFO	1	VariationData	VariationData: Loaded 2492 fees.
2023.08.19 04:16:07,578	INFO	1	org.l2jmobius.gameserver.data.xml.EnsoulData	EnsoulData: Loaded 128 fees.
2023.08.19 04:16:07,578	INFO	1	org.l2jmobius.gameserver.data.xml.EnsoulData	EnsoulData: Loaded 1169 options.
2023.08.19 04:16:07,578	INFO	1	org.l2jmobius.gameserver.data.xml.EnsoulData	EnsoulData: Loaded 125 stones.
2023.08.19 04:16:07,582	INFO	1	org.l2jmobius.gameserver.data.xml.EnchantItemHPBonusData	EnchantItemHPBonusData: Loaded 12 enchant HP bonuses.
2023.08.19 04:16:08,407	INFO	1	org.l2jmobius.gameserver.data.xml.BuyListData	BuyListData: Loaded 921 buyLists.
2023.08.19 04:16:09,186	INFO	1	org.l2jmobius.gameserver.data.xml.MultisellData	MultisellData: Loaded 603 multisell lists.
2023.08.19 04:16:09,215	INFO	1	org.l2jmobius.gameserver.data.xml.EquipmentUpgradeData	EquipmentUpgradeData: Loaded 6951 upgrade equipment data.
2023.08.19 04:16:09,252	INFO	1	org.l2jmobius.gameserver.data.xml.AgathionData	AgathionData: Loaded 435 agathion data.
2023.08.19 04:16:09,314	INFO	1	org.l2jmobius.gameserver.data.xml.RecipeData	RecipeData: Loaded 1780 recipes.
2023.08.19 04:16:09,353	INFO	1	org.l2jmobius.gameserver.data.xml.ArmorSetData	ArmorSetData: Loaded 370 armor sets.
2023.08.19 04:16:09,359	INFO	1	org.l2jmobius.gameserver.data.xml.FishingData	FishingData: Loaded 9 bait and 14 rod data.
2023.08.19 04:16:09,410	INFO	1	org.l2jmobius.gameserver.data.xml.HennaData	HennaData: Loaded 549 henna data.
2023.08.19 04:16:09,419	INFO	1	org.l2jmobius.gameserver.data.xml.PrimeShopData	PrimeShopData: Loaded 99 items.
2023.08.19 04:16:09,425	INFO	1	org.l2jmobius.gameserver.data.xml.LimitShopData	LimitShopData: Loaded 43 items.
2023.08.19 04:16:09,431	INFO	1	org.l2jmobius.gameserver.data.xml.LimitShopData	LimitShopCraftData: Loaded 119 items.
2023.08.19 04:16:09,442	INFO	1	org.l2jmobius.gameserver.data.xml.CollectionData	CollectionData: Loaded 217 collections.
2023.08.19 04:16:09,466	INFO	1	org.l2jmobius.gameserver.data.xml.AppearanceItemData	AppearanceItemData: Loaded 1282 stones.
2023.08.19 04:16:09,474	INFO	1	org.l2jmobius.gameserver.data.xml.AlchemyData	AlchemyData: Loaded 114 alchemy craft skills.
2023.08.19 04:16:09,488	INFO	1	org.l2jmobius.gameserver.instancemanager.PrivateStoreHistoryManager	PrivateStoreHistoryManager: Loaded 0 items history.
2023.08.19 04:16:09,496	INFO	1	org.l2jmobius.commons.util.IXmlReader	LuckyGameData: Loaded 2 lucky game data.
2023.08.19 04:16:09,499	INFO	1	org.l2jmobius.gameserver.data.xml.AttendanceRewardData	AttendanceRewardData: Disabled.
2023.08.19 04:16:09,499	INFO	1	org.l2jmobius.gameserver.GameServer	----------------------------------------------=[ Characters ]
2023.08.19 04:16:09,503	INFO	1	org.l2jmobius.gameserver.data.xml.ClassListData	ClassListData: Loaded 158 class data.
2023.08.19 04:16:09,508	INFO	1	org.l2jmobius.gameserver.data.xml.InitialEquipmentData	InitialEquipmentData: Loaded 14 initial equipment data.
2023.08.19 04:16:09,514	INFO	1	org.l2jmobius.gameserver.data.xml.InitialShortcutData	InitialShortcutData: Loaded 5 initial global shortcuts data.
2023.08.19 04:16:09,514	INFO	1	org.l2jmobius.gameserver.data.xml.InitialShortcutData	InitialShortcutData: Loaded 5 initial shortcuts data.
2023.08.19 04:16:09,514	INFO	1	org.l2jmobius.gameserver.data.xml.InitialShortcutData	InitialShortcutData: Loaded 0 macro presets.
2023.08.19 04:16:09,517	INFO	1	org.l2jmobius.gameserver.data.xml.ExperienceData	ExperienceData: Loaded 131 levels.
2023.08.19 04:16:09,518	INFO	1	org.l2jmobius.gameserver.data.xml.ExperienceData	ExperienceData: Max Player Level is 130.
2023.08.19 04:16:09,518	INFO	1	org.l2jmobius.gameserver.data.xml.ExperienceData	ExperienceData: Max Pet Level is 130.
2023.08.19 04:16:09,523	INFO	1	org.l2jmobius.gameserver.data.xml.KarmaData	KarmaData: Loaded 130 karma modifiers.
2023.08.19 04:16:09,527	INFO	1	org.l2jmobius.gameserver.data.xml.HitConditionBonusData	HitConditionBonusData: Loaded hit condition bonuses.
2023.08.19 04:16:09,880	INFO	1	org.l2jmobius.gameserver.data.xml.PlayerTemplateData	PlayerTemplateData: Loaded 150 character templates.
2023.08.19 04:16:09,880	INFO	1	org.l2jmobius.gameserver.data.xml.PlayerTemplateData	PlayerTemplateData: Loaded 108000 level up gain records.
2023.08.19 04:16:09,881	INFO	1	org.l2jmobius.gameserver.data.xml.PlayerTemplateData	PlayerTemplateData: Generated 1500 level up gain records.
2023.08.19 04:16:09,884	INFO	1	org.l2jmobius.gameserver.data.sql.CharNameTable	CharNameTable: Loaded 11 char names.
2023.08.19 04:16:09,889	INFO	1	org.l2jmobius.gameserver.data.xml.AdminData	AdminData: Loaded 10 access levels.
2023.08.19 04:16:09,892	INFO	1	org.l2jmobius.gameserver.data.xml.AdminData	AdminData: Loaded 468 access commands.
2023.08.19 04:16:10,220	INFO	1	org.l2jmobius.gameserver.data.xml.PetDataTable	PetDataTable: Loaded 56 pets.
2023.08.19 04:16:10,255	INFO	1	org.l2jmobius.gameserver.data.xml.CubicData	CubicData: Loaded 25 cubics.
2023.08.19 04:16:10,265	INFO	1	org.l2jmobius.gameserver.GameServer	---------------------------------------------------=[ Clans ]
2023.08.19 04:16:10,273	INFO	1	org.l2jmobius.gameserver.communitybbs.Manager.ForumsBBSManager	ForumsBBSManager: Loaded 4 forums. Last forum id used: 4
2023.08.19 04:16:10,290	INFO	1	org.l2jmobius.gameserver.data.sql.ClanTable	ClanTable: Restored 2 clans from the database.
2023.08.19 04:16:10,295	INFO	1	org.l2jmobius.gameserver.data.xml.ResidenceFunctionsData	ResidenceFunctionsData: Loaded 8 functions.
2023.08.19 04:16:10,417	INFO	1	org.l2jmobius.gameserver.data.xml.ClanHallData	ClanHallData: Succesfully loaded 57 clan halls.
2023.08.19 04:16:10,419	INFO	1	org.l2jmobius.gameserver.instancemanager.ClanHallAuctionManager	ClanHallAuctionManager: Clan Hall Auction has started!
2023.08.19 04:16:10,433	INFO	1	org.l2jmobius.gameserver.instancemanager.ClanEntryManager	ClanEntryManager: Loaded 0 clan entries.
2023.08.19 04:16:10,434	INFO	1	org.l2jmobius.gameserver.instancemanager.ClanEntryManager	ClanEntryManager: Loaded 0 players in waiting list.
2023.08.19 04:16:10,434	INFO	1	org.l2jmobius.gameserver.instancemanager.ClanEntryManager	ClanEntryManager: Loaded 0 player applications.
2023.08.19 04:16:10,438	INFO	1	org.l2jmobius.gameserver.data.xml.ClanMasteryData	ClanMasteryData: Loaded 16 clan masteries.
2023.08.19 04:16:10,447	INFO	1	org.l2jmobius.gameserver.data.xml.ClanShopData	ClanShopData: Loaded 13 clan shop products.
2023.08.19 04:16:10,447	INFO	1	org.l2jmobius.gameserver.GameServer	-------------------------------------------------=[ Geodata ]
2023.08.19 04:16:10,467	INFO	1	org.l2jmobius.gameserver.geoengine.GeoEngine	GeoEngine: Loaded 0 regions.
2023.08.19 04:16:10,468	INFO	1	org.l2jmobius.gameserver.GameServer	----------------------------------------------------=[ NPCs ]
2023.08.19 04:16:11,989	INFO	1	org.l2jmobius.gameserver.data.xml.NpcData	NpcData: Loaded 14789 NPCs.
2023.08.19 04:16:12,003	INFO	1	org.l2jmobius.gameserver.data.xml.NpcData	NpcData: Loaded 22 custom NPCs.
2023.08.19 04:16:12,004	INFO	1	org.l2jmobius.gameserver.data.xml.FakePlayerData	FakePlayerData: Disabled.
2023.08.19 04:16:12,006	INFO	1	org.l2jmobius.gameserver.instancemanager.FakePlayerChatManager	FakePlayerChatManager: Disabled.
2023.08.19 04:16:12,801	INFO	1	org.l2jmobius.gameserver.data.xml.SpawnData	SpawnData: Loaded 56172 spawns
2023.08.19 04:16:12,815	INFO	1	org.l2jmobius.gameserver.instancemanager.WalkingManager	WalkingManager: Loaded 197 walking routes.
2023.08.19 04:16:12,825	INFO	1	org.l2jmobius.gameserver.data.xml.StaticObjectData	StaticObjectData: Loaded 86 static object templates.
2023.08.19 04:16:12,839	INFO	1	org.l2jmobius.gameserver.model.itemauction.ItemAuctionInstance	ItemAuctionInstance: Loaded 21 item(s) and registered 3 auction(s) for instance 34328
2023.08.19 04:16:12,844	INFO	1	org.l2jmobius.gameserver.model.itemauction.ItemAuctionInstance	ItemAuctionInstance: Schedule next auction 4 on 17:00:00 19.08.23 for instance 34328
2023.08.19 04:16:12,844	INFO	1	org.l2jmobius.gameserver.instancemanager.ItemAuctionManager	ItemAuctionManager: Loaded 1 instances.
2023.08.19 04:16:12,870	INFO	1	org.l2jmobius.gameserver.instancemanager.CastleManager	CastleManager: Loaded 9 castles.
2023.08.19 04:16:12,875	INFO	1	org.l2jmobius.gameserver.instancemanager.GrandBossManager	GrandBossManager: Fafurion(19740) status is 0
2023.08.19 04:16:12,875	INFO	1	org.l2jmobius.gameserver.instancemanager.GrandBossManager	GrandBossManager: Kelbim(26124) status is 0
2023.08.19 04:16:12,875	INFO	1	org.l2jmobius.gameserver.instancemanager.GrandBossManager	GrandBossManager: Core(29006) status is 0
2023.08.19 04:16:12,875	INFO	1	org.l2jmobius.gameserver.instancemanager.GrandBossManager	GrandBossManager: Baium(29020) status is 0
2023.08.19 04:16:12,875	INFO	1	org.l2jmobius.gameserver.instancemanager.GrandBossManager	GrandBossManager: Valakas(29028) status is 0
2023.08.19 04:16:12,875	INFO	1	org.l2jmobius.gameserver.instancemanager.GrandBossManager	GrandBossManager: Antharas(29068) status is 0
2023.08.19 04:16:12,875	INFO	1	org.l2jmobius.gameserver.instancemanager.GrandBossManager	GrandBossManager: Beleth(29118) status is 0
2023.08.19 04:16:12,875	INFO	1	org.l2jmobius.gameserver.instancemanager.GrandBossManager	GrandBossManager: Earth Wyrm Trasken(29197) status is 0
2023.08.19 04:16:12,875	INFO	1	org.l2jmobius.gameserver.instancemanager.GrandBossManager	GrandBossManager: Lindvior(29240) status is 0
2023.08.19 04:16:12,876	INFO	1	org.l2jmobius.gameserver.instancemanager.GrandBossManager	GrandBossManager: Helios(29305) status is 0
2023.08.19 04:16:12,876	INFO	1	org.l2jmobius.gameserver.instancemanager.GrandBossManager	GrandBossManager: Orfen(29325) status is 0
2023.08.19 04:16:12,876	INFO	1	org.l2jmobius.gameserver.instancemanager.GrandBossManager	GrandBossManager: Lilith(29336) status is 0
2023.08.19 04:16:12,876	INFO	1	org.l2jmobius.gameserver.instancemanager.GrandBossManager	GrandBossManager: Anakim(29348) status is 0
2023.08.19 04:16:12,876	INFO	1	org.l2jmobius.gameserver.instancemanager.GrandBossManager	GrandBossManager: Queen Ant(29381) status is 0
2023.08.19 04:16:12,876	INFO	1	org.l2jmobius.gameserver.instancemanager.GrandBossManager	GrandBossManager: Loaded 14 instances.
2023.08.19 04:16:12,882	INFO	1	org.l2jmobius.commons.util.IXmlReader	HomunculusData: Loaded 30 templates.
2023.08.19 04:16:12,885	INFO	1	org.l2jmobius.commons.util.IXmlReader	HomunculusSlotData: Loaded 9 templates.
2023.08.19 04:16:12,890	INFO	1	org.l2jmobius.commons.util.IXmlReader	HomunculusCreationData: Loaded 2 templates.
2023.08.19 04:16:12,890	INFO	1	org.l2jmobius.gameserver.GameServer	------------------------------------------------=[ Instance ]
2023.08.19 04:16:12,896	INFO	1	org.l2jmobius.gameserver.instancemanager.InstanceManager	InstanceManager: Loaded 334 instance names.
2023.08.19 04:16:13,206	INFO	1	org.l2jmobius.gameserver.instancemanager.InstanceManager	InstanceManager: Loaded 159 instance templates.
2023.08.19 04:16:13,206	INFO	1	org.l2jmobius.gameserver.instancemanager.InstanceManager	InstanceManager: Loaded instance reenter times for 1 players.
2023.08.19 04:16:13,207	INFO	1	org.l2jmobius.gameserver.GameServer	------------------------------------------------=[ Olympiad ]
2023.08.19 04:16:13,213	INFO	1	org.l2jmobius.gameserver.model.olympiad.Olympiad	Olympiad System: Loading....
2023.08.19 04:16:13,213	INFO	1	org.l2jmobius.gameserver.model.olympiad.Olympiad	Olympiad System: Currently in Olympiad Period
2023.08.19 04:16:13,213	INFO	1	org.l2jmobius.gameserver.model.olympiad.Olympiad	Olympiad System: 6 days, 7 hours and 43 mins until period ends.
2023.08.19 04:16:13,213	INFO	1	org.l2jmobius.gameserver.model.olympiad.Olympiad	Olympiad System: Next weekly change is in 4 days, 19 hours and 31 mins.
2023.08.19 04:16:13,214	INFO	1	org.l2jmobius.gameserver.model.olympiad.Olympiad	Olympiad System: Loaded 0 Nobles
2023.08.19 04:16:13,218	INFO	1	org.l2jmobius.gameserver.model.olympiad.Olympiad	Olympiad System: Competition Period Starts in 0 days, 15 hours and 44 mins.
2023.08.19 04:16:13,218	INFO	1	org.l2jmobius.gameserver.model.olympiad.Olympiad	Olympiad System: Event starts/started: Sat Aug 19 20:00:13 EEST 2023
2023.08.19 04:16:13,222	INFO	1	org.l2jmobius.gameserver.model.olympiad.Hero	Hero System: Loaded 0 Heroes.
2023.08.19 04:16:13,222	INFO	1	org.l2jmobius.gameserver.model.olympiad.Hero	Hero System: Loaded 0 all time Heroes.
2023.08.19 04:16:13,222	INFO	1	org.l2jmobius.gameserver.GameServer	---------------------------------------------------=[ Cache ]
2023.08.19 04:16:13,224	INFO	1	org.l2jmobius.gameserver.cache.HtmCache	Html cache start...
2023.08.19 04:16:14,454	INFO	1	org.l2jmobius.gameserver.cache.HtmCache	Cache[HTML]: 4.247 megabytes on 6397 files loaded.
2023.08.19 04:16:14,456	INFO	1	org.l2jmobius.gameserver.data.sql.CrestTable	CrestTable: Loaded 0 Crests.
2023.08.19 04:16:14,458	INFO	1	org.l2jmobius.gameserver.data.xml.TeleportListData	TeleportListData: Loaded 104 teleports.
2023.08.19 04:16:14,813	INFO	1	org.l2jmobius.gameserver.data.xml.TeleporterData	TeleporterData: Loaded 168 npc teleporters.
2023.08.19 04:16:14,816	INFO	1	org.l2jmobius.gameserver.data.xml.TimedHuntingZoneData	TimedHuntingZoneData: Loaded 10 timed hunting zones.
2023.08.19 04:16:14,824	INFO	1	org.l2jmobius.gameserver.instancemanager.CursedWeaponsManager	CursedWeaponsManager: Loaded 2 cursed weapons.
2023.08.19 04:16:15,163	INFO	1	org.l2jmobius.gameserver.data.xml.TransformData	TransformData: Loaded 180 transform templates.
2023.08.19 04:16:15,171	INFO	1	org.l2jmobius.gameserver.data.BotReportTable	BotReportTable: Loaded 0 bot reports
2023.08.19 04:16:15,182	INFO	1	org.l2jmobius.gameserver.instancemanager.SellBuffsManager	SellBuffsManager: Loaded 145 allowed buffs.
2023.08.19 04:16:15,182	INFO	1	org.l2jmobius.gameserver.GameServer	-------------------------------------------------=[ Scripts ]
2023.08.19 04:16:15,188	INFO	1	org.l2jmobius.gameserver.instancemanager.AirShipManager	AirShipManager: Loaded 0 private airships
2023.08.19 04:16:15,198	INFO	1	org.l2jmobius.gameserver.data.xml.ShuttleData	ShuttleData: Loaded 3 shuttles.
2023.08.19 04:16:15,199	INFO	1	org.l2jmobius.gameserver.GameServer	GameServer: Loading server scripts:
2023.08.19 04:16:15,553	INFO	1	handlers.MasterHandler	Loading Handlers...
2023.08.19 04:16:15,636	INFO	1	handlers.MasterHandler	ActionHandler: Loaded 10 handlers.
2023.08.19 04:16:15,636	INFO	1	handlers.MasterHandler	ActionShiftHandler: Loaded 6 handlers.
2023.08.19 04:16:15,637	INFO	1	handlers.MasterHandler	AdminCommandHandler: Loaded 461 handlers.
2023.08.19 04:16:15,637	INFO	1	handlers.MasterHandler	BypassHandler: Loaded 30 handlers.
2023.08.19 04:16:15,637	INFO	1	handlers.MasterHandler	ChatHandler: Loaded 14 handlers.
2023.08.19 04:16:15,637	INFO	1	handlers.MasterHandler	CommunityBoardHandler: Loaded 24 handlers.
2023.08.19 04:16:15,637	INFO	1	handlers.MasterHandler	ItemHandler: Loaded 34 handlers.
2023.08.19 04:16:15,637	INFO	1	handlers.MasterHandler	PunishmentHandler: Loaded 3 handlers.
2023.08.19 04:16:15,637	INFO	1	handlers.MasterHandler	UserCommandHandler: Loaded 16 handlers.
2023.08.19 04:16:15,637	INFO	1	handlers.MasterHandler	VoicedCommandHandler: Loaded 11 handlers.
2023.08.19 04:16:15,637	INFO	1	handlers.MasterHandler	TargetHandler: Loaded 21 handlers.
2023.08.19 04:16:15,637	INFO	1	handlers.MasterHandler	AffectObjectHandler: Loaded 11 handlers.
2023.08.19 04:16:15,637	INFO	1	handlers.MasterHandler	AffectScopeHandler: Loaded 19 handlers.
2023.08.19 04:16:15,637	INFO	1	handlers.MasterHandler	PlayerActionHandler: Loaded 25 handlers.
2023.08.19 04:16:15,637	INFO	1	handlers.MasterHandler	Handlers Loaded...
2023.08.19 04:16:21,046	INFO	1	ai.areas.FantasyIsle.HandysBlockCheckerEvent	Handy's Block Checker Event is disabled
2023.08.19 04:16:21,052	INFO	1	ai.areas.FantasyIsle.Parade	Fantasy Isle: Parade starting at 2023/08/19 05:20 and is scheduled each next 1 hours.
2023.08.19 04:16:21,056	INFO	1	ai.areas.FantasyIsle.TalentShow	Fantasy Isle: MC show script starting at 20/08/2023 00:08:21 and is scheduled each next 4 hours.
2023.08.19 04:16:21,245	INFO	1	org.l2jmobius.gameserver.instancemanager.GrandBossManager	GrandBossManager: Updated Anakim(29348) status to 0.
2023.08.19 04:16:21,297	INFO	1	org.l2jmobius.gameserver.instancemanager.GrandBossManager	GrandBossManager: Updated Etis van Etina(29318) status to 0.
2023.08.19 04:16:21,313	INFO	1	org.l2jmobius.gameserver.instancemanager.GrandBossManager	GrandBossManager: Updated Fafurion(19740) status to 0.
2023.08.19 04:16:21,327	INFO	1	org.l2jmobius.gameserver.instancemanager.GrandBossManager	GrandBossManager: Updated Helios(29305) status to 0.
2023.08.19 04:16:21,347	INFO	1	org.l2jmobius.gameserver.instancemanager.GrandBossManager	GrandBossManager: Updated Lilith(29336) status to 0.
2023.08.19 04:16:21,356	INFO	1	org.l2jmobius.gameserver.instancemanager.GrandBossManager	GrandBossManager: Updated Lindvior(29240) status to 0.
2023.08.19 04:16:21,390	INFO	1	ai.bosses.Tiat.Stage1	[Seed of Destruction] Loaded 51 spawn zones data.
2023.08.19 04:16:21,443	INFO	1	ai.others.ClassMaster.ClassMaster	ClassMaster: Loaded 0 class change options.
2023.08.19 04:16:21,528	INFO	1	ai.others.MentorGuide.MentorGuide	MentorGuide: Loaded 4 mentee coins
2023.08.19 04:16:21,540	INFO	1	ai.others.NpcBuffers.NpcBuffersData	NpcBuffersData: Loaded 6 buffers data.
2023.08.19 04:16:21,602	INFO	1	org.l2jmobius.gameserver.model.quest.Quest	Event Balthus Event has passed... Ignored 
2023.08.19 04:16:21,605	INFO	1	org.l2jmobius.gameserver.model.quest.Quest	Event Birth of Draco has passed... Ignored 
2023.08.19 04:16:21,610	INFO	1	org.l2jmobius.gameserver.model.quest.Quest	Event Chuseok Harvest Festival has passed... Ignored 
2023.08.19 04:16:21,613	INFO	1	org.l2jmobius.gameserver.model.quest.Quest	Event Dragon Slayer has passed... Ignored 
2023.08.19 04:16:21,617	INFO	1	org.l2jmobius.gameserver.model.quest.Quest	Event Dream Maker has passed... Ignored 
2023.08.19 04:16:21,626	INFO	1	org.l2jmobius.gameserver.model.quest.Quest	Event Eve the Fortune Teller active till Tue Dec 18 00:00:00 EET 2029
2023.08.19 04:16:21,630	INFO	1	org.l2jmobius.gameserver.model.quest.Quest	Event Freya Celebration has passed... Ignored 
2023.08.19 04:16:21,633	INFO	1	org.l2jmobius.gameserver.model.quest.Quest	Event Gift of Vitality has passed... Ignored 
2023.08.19 04:16:21,636	INFO	1	org.l2jmobius.gameserver.model.quest.Quest	Event Halloween has passed... Ignored 
2023.08.19 04:16:21,638	INFO	1	org.l2jmobius.gameserver.model.quest.Quest	Event Heavy Medal has passed... Ignored 
2023.08.19 04:16:21,642	INFO	1	org.l2jmobius.gameserver.model.quest.Quest	Event Hungry Horse has passed... Ignored 
2023.08.19 04:16:21,645	INFO	1	org.l2jmobius.gameserver.model.quest.Quest	Event Hunt for Santa has passed... Ignored 
2023.08.19 04:16:21,648	INFO	1	org.l2jmobius.gameserver.model.quest.Quest	Event Legend's Mark has passed... Ignored 
2023.08.19 04:16:21,652	INFO	1	org.l2jmobius.gameserver.model.quest.Quest	Event Letter Collector has passed... Ignored 
2023.08.19 04:16:21,655	INFO	1	org.l2jmobius.gameserver.model.quest.Quest	Event Lovers Jubilee has passed... Ignored 
2023.08.19 04:16:21,658	INFO	1	org.l2jmobius.gameserver.model.quest.Quest	Event Love Your Gatekeeper has passed... Ignored 
2023.08.19 04:16:21,661	INFO	1	org.l2jmobius.gameserver.model.quest.Quest	Event Master of Enchanting has passed... Ignored 
2023.08.19 04:16:21,666	INFO	1	org.l2jmobius.gameserver.model.quest.Quest	Event Red Libra has passed... Ignored 
2023.08.19 04:16:21,669	INFO	1	org.l2jmobius.gameserver.model.quest.Quest	Event Rudolphs Blessing has passed... Ignored 
2023.08.19 04:16:21,675	INFO	1	org.l2jmobius.gameserver.model.quest.Quest	Event Saving Santa has passed... Ignored 
2023.08.19 04:16:21,680	INFO	1	org.l2jmobius.gameserver.model.quest.Quest	Event Smash It Completely has passed... Ignored 
2023.08.19 04:16:21,686	INFO	1	org.l2jmobius.gameserver.model.quest.Quest	Event Snowman Energy has passed... Ignored 
2023.08.19 04:16:21,689	INFO	1	org.l2jmobius.gameserver.model.quest.Quest	Event The Power Of Love has passed... Ignored 
2023.08.19 04:16:21,692	INFO	1	org.l2jmobius.gameserver.model.quest.Quest	Event Training with Dandy has passed... Ignored 
2023.08.19 04:16:21,822	INFO	1	org.l2jmobius.gameserver.data.xml.SpawnData	SpawnData: Initializing spawns...
2023.08.19 04:16:22,006	INFO	1	org.l2jmobius.gameserver.instancemanager.DBSpawnManager	DBSpawnManager: Loaded 33 instances.
2023.08.19 04:16:22,006	INFO	1	org.l2jmobius.gameserver.instancemanager.DBSpawnManager	DBSpawnManager: Scheduled 0 instances.
2023.08.19 04:16:31,224	INFO	1	org.l2jmobius.gameserver.data.xml.SpawnData	SpawnData: All spawns has been initialized!
2023.08.19 04:16:31,224	INFO	1	org.l2jmobius.gameserver.GameServer	---------------------------------------------------=[ Siege ]
2023.08.19 04:16:31,232	INFO	1	org.l2jmobius.gameserver.data.xml.SiegeScheduleData	SiegeScheduleData: Loaded 9 siege schedulers.
2023.08.19 04:16:31,232	INFO	1	org.l2jmobius.gameserver.model.siege.Siege	Siege of Gludio: Sun Aug 20 16:00:00 EEST 2023
2023.08.19 04:16:31,233	INFO	1	org.l2jmobius.gameserver.model.siege.Siege	Siege of Dion: Sun Aug 20 20:00:00 EEST 2023
2023.08.19 04:16:31,234	INFO	1	org.l2jmobius.gameserver.model.siege.Siege	Siege of Giran: Sun Aug 20 16:00:00 EEST 2023
2023.08.19 04:16:31,234	INFO	1	org.l2jmobius.gameserver.model.siege.Siege	Siege of Oren: Sun Aug 20 20:00:00 EEST 2023
2023.08.19 04:16:31,234	INFO	1	org.l2jmobius.gameserver.model.siege.Siege	Siege of Aden: Sun Aug 20 16:00:00 EEST 2023
2023.08.19 04:16:31,235	INFO	1	org.l2jmobius.gameserver.model.siege.Siege	Siege of Innadril: Sun Aug 20 20:00:00 EEST 2023
2023.08.19 04:16:31,235	INFO	1	org.l2jmobius.gameserver.model.siege.Siege	Siege of Goddard: Sun Aug 20 16:00:00 EEST 2023
2023.08.19 04:16:31,235	INFO	1	org.l2jmobius.gameserver.model.siege.Siege	Siege of Rune: Sun Aug 20 20:00:00 EEST 2023
2023.08.19 04:16:31,235	INFO	1	org.l2jmobius.gameserver.model.siege.Siege	Siege of Schuttgart: Sun Aug 20 16:00:00 EEST 2023
2023.08.19 04:16:31,298	INFO	1	org.l2jmobius.gameserver.instancemanager.FortManager	FortManager: Loaded 20 fortress.
2023.08.19 04:16:31,350	INFO	1	org.l2jmobius.gameserver.instancemanager.CastleManorManager	CastleManorManager: Loaded 258 seeds.
2023.08.19 04:16:31,353	INFO	1	org.l2jmobius.gameserver.instancemanager.CastleManorManager	CastleManorManager: Manor data loaded.
2023.08.19 04:16:31,365	INFO	1	org.l2jmobius.gameserver.instancemanager.SiegeGuardManager	SiegeGuardManager: Loaded 0 siege guards tickets.
2023.08.19 04:16:31,365	INFO	1	org.l2jmobius.gameserver.instancemanager.QuestManager	QuestManager: Loaded 63 quests.
2023.08.19 04:16:31,365	INFO	1	org.l2jmobius.gameserver.instancemanager.QuestManager	QuestManager: Loaded 432 scripts.
2023.08.19 04:16:31,376	INFO	1	org.l2jmobius.gameserver.taskmanager.TaskManager	TaskManager: Loaded 5 Tasks.
2023.08.19 04:16:31,378	INFO	1	org.l2jmobius.gameserver.instancemanager.DailyTaskManager	DailyTaskManager: Next schedule at 19/08 06:30.
2023.08.19 04:16:31,381	INFO	1	org.l2jmobius.gameserver.instancemanager.MailManager	MailManager: Loaded 0 messages.
2023.08.19 04:16:31,385	INFO	1	org.l2jmobius.gameserver.instancemanager.PunishmentManager	PunishmentManager: Loaded 0 active and 0 expired punishments.
2023.08.19 04:16:31,387	INFO	1	org.l2jmobius.gameserver.GameServer	IdManager: Free ObjectID's remaining: 1878968981
2023.08.19 04:16:31,389	INFO	1	org.l2jmobius.gameserver.data.sql.OfflineTraderTable	OfflineTraderTable: Loading offline traders...
2023.08.19 04:16:31,390	INFO	1	org.l2jmobius.gameserver.data.sql.OfflineTraderTable	OfflineTraderTable: Loaded 0 offline traders.
2023.08.19 04:16:31,816	INFO	1	org.l2jmobius.gameserver.GameServer	GameServer: Started, using 1529 of 4064 MB total memory.
2023.08.19 04:16:31,816	INFO	1	org.l2jmobius.gameserver.GameServer	GameServer: Maximum number of connected players is 2000.
2023.08.19 04:16:31,816	INFO	1	org.l2jmobius.gameserver.GameServer	GameServer: Server loaded in 33 seconds.
2023.08.19 04:16:31,825	INFO	106	org.l2jmobius.commons.network.NetServer	GameServer: Listening on port 7777 for incoming connections.
2023.08.19 04:16:31,834	INFO	107	org.l2jmobius.gameserver.LoginServerThread	LoginServerThread: Connecting to login on 192.168.0.110:9014
2023.08.19 04:16:31,872	INFO	107	org.l2jmobius.gameserver.LoginServerThread	LoginServerThread: Registered on login as Server 2: Sieghardt
2023.08.19 04:25:46,638	WARNING	22	org.l2jmobius.gameserver.Shutdown	Server scheduled restart issued shutdown command. Shutdown in 1 seconds!
2023.08.19 04:25:47,640	WARNING	119	org.l2jmobius.gameserver.Shutdown	GM shutdown countdown is over. shutting down NOW!
2023.08.19 04:25:47,708	INFO	119	org.l2jmobius.gameserver.Shutdown	All players disconnected and saved(66ms).
2023.08.19 04:25:47,708	INFO	119	org.l2jmobius.gameserver.Shutdown	Game Time Task Manager: Thread interruped(1ms).
2023.08.19 04:25:47,708	INFO	119	org.l2jmobius.commons.threads.ThreadPool	ThreadPool: Shutting down.
2023.08.19 04:25:47,708	INFO	119	org.l2jmobius.gameserver.Shutdown	Thread Pool Manager: Manager has been shut down(0ms).
2023.08.19 04:25:47,708	INFO	119	org.l2jmobius.gameserver.Shutdown	Login Server Thread: Thread interruped(0ms).
2023.08.19 04:25:47,708	INFO	119	org.l2jmobius.gameserver.Shutdown	GM shutdown received. Shutting down NOW!
2023.08.19 04:25:47,714	INFO	119	org.l2jmobius.gameserver.Shutdown	RaidBossSpawnManager: All raidboss info saved(6ms).
2023.08.19 04:25:47,716	INFO	119	org.l2jmobius.gameserver.Shutdown	GrandBossManager: All Grand Boss info saved(2ms).
2023.08.19 04:25:47,716	INFO	119	org.l2jmobius.gameserver.Shutdown	Item Auction Manager: All tasks stopped(0ms).
2023.08.19 04:25:47,716	INFO	119	org.l2jmobius.gameserver.Shutdown	Olympiad System: Data saved(0ms).
2023.08.19 04:25:47,717	INFO	119	org.l2jmobius.gameserver.Shutdown	Hero System: Data saved(1ms).
2023.08.19 04:25:47,717	INFO	119	org.l2jmobius.gameserver.Shutdown	Clan System: Data saved(0ms).
2023.08.19 04:25:47,718	INFO	119	org.l2jmobius.gameserver.Shutdown	Cursed Weapons Manager: Data saved(1ms).
2023.08.19 04:25:47,718	INFO	119	org.l2jmobius.gameserver.Shutdown	Castle Manor Manager: Data saved(0ms).
2023.08.19 04:25:47,718	INFO	119	org.l2jmobius.gameserver.Shutdown	Quest Manager: Data saved(0ms).
2023.08.19 04:25:47,730	INFO	119	org.l2jmobius.gameserver.instancemanager.GlobalVariablesManager	GlobalVariablesManager: Stored 16 variables.
2023.08.19 04:25:47,730	INFO	119	org.l2jmobius.gameserver.Shutdown	Global Variables Manager: Variables saved(12ms).
2023.08.19 04:25:47,731	INFO	119	org.l2jmobius.gameserver.Shutdown	Bot Report Table: Successfully saved reports to database!
2023.08.19 04:25:52,755	INFO	119	org.l2jmobius.gameserver.Shutdown	Database Factory: Database connection has been shut down(12ms).
2023.08.19 04:25:52,755	INFO	119	org.l2jmobius.gameserver.Shutdown	The server has been successfully shut down in 5seconds.
