2023.09.03 14:40:14,298	INFO	1	org.l2jmobius.commons.util.IXmlReader	Network Config: ipconfig.xml exists using manual configuration...
2023.09.03 14:40:14,550	INFO	1	org.l2jmobius.Config	Loaded 6 Filter Words.
2023.09.03 14:40:14,701	INFO	1	org.l2jmobius.gameserver.GameServer	------------------------------------------------=[ Database ]
2023.09.03 14:40:15,039	INFO	1	org.l2jmobius.commons.database.DatabaseFactory	Database: Initialized.
2023.09.03 14:40:15,039	INFO	1	org.l2jmobius.gameserver.GameServer	----------------------------------------------=[ ThreadPool ]
2023.09.03 14:40:15,042	INFO	1	org.l2jmobius.commons.threads.ThreadPool	ThreadPool: Initialized
2023.09.03 14:40:15,048	INFO	1	org.l2jmobius.commons.threads.ThreadPool	...scheduled pool executor with 48 total threads.
2023.09.03 14:40:15,048	INFO	1	org.l2jmobius.commons.threads.ThreadPool	...instant pool executor with 24 total threads.
2023.09.03 14:40:15,051	INFO	1	org.l2jmobius.gameserver.GameServer	-----------------------------------------------=[ IdManager ]
2023.09.03 14:40:15,052	INFO	24	org.l2jmobius.gameserver.model.World	World: (288 by 272) World Region Grid set up.
2023.09.03 14:40:15,055	INFO	1	org.l2jmobius.gameserver.instancemanager.IdManager	Updated characters online status.
2023.09.03 14:40:15,092	INFO	1	org.l2jmobius.gameserver.instancemanager.IdManager	IdManager: Cleaned 0 elements from database in 0 seconds.
2023.09.03 14:40:15,100	INFO	1	org.l2jmobius.gameserver.instancemanager.IdManager	IdManager: Cleaned 2 expired timestamps from database.
2023.09.03 14:40:15,106	INFO	1	org.l2jmobius.gameserver.instancemanager.IdManager	IdManager: 102912 id's available.
2023.09.03 14:40:15,106	INFO	1	org.l2jmobius.gameserver.GameServer	----------------------------------------=[ Scripting Engine ]
2023.09.03 14:40:15,306	INFO	1	org.l2jmobius.gameserver.scripting.ScriptEngineManager	Loaded 827 files to exclude.
2023.09.03 14:40:15,306	INFO	1	org.l2jmobius.gameserver.GameServer	---------------------------------------------------=[ World ]
2023.09.03 14:40:15,682	INFO	1	org.l2jmobius.gameserver.instancemanager.MapRegionManager	MapRegionManager: Loaded 61 map regions.
2023.09.03 14:40:15,690	INFO	1	org.l2jmobius.gameserver.instancemanager.ZoneManager	ZoneManager 19 by 18 Zone Region Grid set up.
2023.09.03 14:40:16,197	INFO	1	org.l2jmobius.gameserver.instancemanager.ZoneManager	ZoneManager: Loaded 34 zone classes and 2966 zones.
2023.09.03 14:40:16,200	INFO	1	org.l2jmobius.gameserver.instancemanager.ZoneManager	ZoneManager: Last static id 210110.
2023.09.03 14:40:16,501	INFO	1	org.l2jmobius.gameserver.data.xml.DoorData	DoorData: Loaded 1474 doors.
2023.09.03 14:40:16,514	INFO	1	FenceData	FenceData: Loaded 1 fences.
2023.09.03 14:40:16,524	INFO	1	org.l2jmobius.gameserver.instancemanager.GlobalVariablesManager	GlobalVariablesManager: Loaded 17 variables.
2023.09.03 14:40:16,524	INFO	1	org.l2jmobius.gameserver.GameServer	----------------------------------------------------=[ Data ]
2023.09.03 14:40:16,536	INFO	1	org.l2jmobius.gameserver.data.xml.ActionData	ActionData: Loaded 217 player actions.
2023.09.03 14:40:16,567	INFO	1	org.l2jmobius.gameserver.data.xml.CategoryData	CategoryData: Loaded 216 categories.
2023.09.03 14:40:16,577	INFO	1	org.l2jmobius.gameserver.data.xml.SecondaryAuthData	SecondaryAuthData: Loaded 328 forbidden passwords.
2023.09.03 14:40:18,201	INFO	1	org.l2jmobius.gameserver.data.ItemTable	ItemTable: Highest item id used: 96959
2023.09.03 14:40:18,209	INFO	1	org.l2jmobius.gameserver.data.ItemTable	ItemTable: Loaded 24456 Etc Items
2023.09.03 14:40:18,209	INFO	1	org.l2jmobius.gameserver.data.ItemTable	ItemTable: Loaded 12781 Armor Items
2023.09.03 14:40:18,209	INFO	1	org.l2jmobius.gameserver.data.ItemTable	ItemTable: Loaded 9113 Weapon Items
2023.09.03 14:40:18,209	INFO	1	org.l2jmobius.gameserver.data.ItemTable	ItemTable: Loaded 46350 Items in total.
2023.09.03 14:40:18,225	INFO	1	org.l2jmobius.gameserver.data.xml.CombinationItemsData	CombinationItemsData: Loaded 4434 combinations.
2023.09.03 14:40:18,239	INFO	1	org.l2jmobius.gameserver.data.xml.SayuneData	SayuneData: Loaded 71 maps.
2023.09.03 14:40:18,714	INFO	1	handlers.DailyMissionMasterHandler	DailyMissionMasterHandler: Loaded 21 handlers.
2023.09.03 14:40:18,749	INFO	1	org.l2jmobius.gameserver.data.xml.DailyMissionData	DailyMissionData: Loaded 130 one day rewards.
2023.09.03 14:40:18,749	INFO	1	org.l2jmobius.gameserver.GameServer	--------------------------------------------------=[ Skills ]
2023.09.03 14:40:19,776	INFO	1	handlers.EffectMasterHandler	EffectMasterHandler: Loaded 391 effect handlers.
2023.09.03 14:40:19,795	INFO	1	org.l2jmobius.gameserver.data.xml.EnchantSkillGroupsData	EnchantSkillGroupsData: Loaded 20 enchant routes, max enchant set to 20.
2023.09.03 14:40:22,514	INFO	1	org.l2jmobius.gameserver.data.xml.SkillData	SkillData: Loaded 194737 Skills.
2023.09.03 14:40:22,929	INFO	1	org.l2jmobius.gameserver.data.xml.SkillTreeData	SkillTreeData: Loaded 20512 Class skills for 150 class skill trees.
2023.09.03 14:40:22,929	INFO	1	org.l2jmobius.gameserver.data.xml.SkillTreeData	SkillTreeData: Loaded 1 sub-class skills.
2023.09.03 14:40:22,929	INFO	1	org.l2jmobius.gameserver.data.xml.SkillTreeData	SkillTreeData: Loaded 33 dual-class skills.
2023.09.03 14:40:22,929	INFO	1	org.l2jmobius.gameserver.data.xml.SkillTreeData	SkillTreeData: Loaded 104 transfer skills for 3 transfer skill trees.
2023.09.03 14:40:22,929	INFO	1	org.l2jmobius.gameserver.data.xml.SkillTreeData	SkillTreeData: Loaded 18 race skills for 7 race skill trees.
2023.09.03 14:40:22,929	INFO	1	org.l2jmobius.gameserver.data.xml.SkillTreeData	SkillTreeData: Loaded 35 fishing skills, 8 Dwarven only fishing skills.
2023.09.03 14:40:22,929	INFO	1	org.l2jmobius.gameserver.data.xml.SkillTreeData	SkillTreeData: Loaded 3 collect skills.
2023.09.03 14:40:22,929	INFO	1	org.l2jmobius.gameserver.data.xml.SkillTreeData	SkillTreeData: Loaded 11 clan skills, 0 for clan and 11 residential.
2023.09.03 14:40:22,929	INFO	1	org.l2jmobius.gameserver.data.xml.SkillTreeData	SkillTreeData: Loaded 0 sub-pledge skills.
2023.09.03 14:40:22,929	INFO	1	org.l2jmobius.gameserver.data.xml.SkillTreeData	SkillTreeData: Loaded 32 transform skills.
2023.09.03 14:40:22,929	INFO	1	org.l2jmobius.gameserver.data.xml.SkillTreeData	SkillTreeData: Loaded 24 noble skills.
2023.09.03 14:40:22,929	INFO	1	org.l2jmobius.gameserver.data.xml.SkillTreeData	SkillTreeData: Loaded 4 hero skills.
2023.09.03 14:40:22,929	INFO	1	org.l2jmobius.gameserver.data.xml.SkillTreeData	SkillTreeData: Loaded 61 game master skills.
2023.09.03 14:40:22,929	INFO	1	org.l2jmobius.gameserver.data.xml.SkillTreeData	SkillTreeData: Loaded 61 game master aura skills.
2023.09.03 14:40:22,930	INFO	1	org.l2jmobius.gameserver.data.xml.SkillTreeData	SkillTreeData: Loaded 123 ability skills.
2023.09.03 14:40:22,930	INFO	1	org.l2jmobius.gameserver.data.xml.SkillTreeData	SkillTreeData: Loaded 113 alchemy skills.
2023.09.03 14:40:22,930	INFO	1	org.l2jmobius.gameserver.data.xml.SkillTreeData	SkillTreeData: Loaded 37 class awaken save skills.
2023.09.03 14:40:22,930	INFO	1	org.l2jmobius.gameserver.data.xml.SkillTreeData	SkillTreeData: Loaded 20 Revelation skills.
2023.09.03 14:40:22,930	INFO	1	org.l2jmobius.gameserver.data.xml.SkillTreeData	SkillTreeData: Loaded 35 common skills.
2023.09.03 14:40:22,945	INFO	1	org.l2jmobius.gameserver.data.xml.PetSkillData	PetSkillData: Loaded 1084 skills.
2023.09.03 14:40:22,946	INFO	1	org.l2jmobius.gameserver.GameServer	---------------------------------------------------=[ Items ]
2023.09.03 14:40:23,007	INFO	1	org.l2jmobius.gameserver.data.xml.EnchantItemGroupsData	EnchantItemGroupsData: Loaded 33 item group templates.
2023.09.03 14:40:23,008	INFO	1	org.l2jmobius.gameserver.data.xml.EnchantItemGroupsData	EnchantItemGroupsData: Loaded 5 scroll group templates.
2023.09.03 14:40:23,008	INFO	1	org.l2jmobius.gameserver.data.xml.EnchantItemGroupsData	EnchantItemGroupsData: Max weapon enchant is set to 30.
2023.09.03 14:40:23,008	INFO	1	org.l2jmobius.gameserver.data.xml.EnchantItemGroupsData	EnchantItemGroupsData: Max armor enchant is set to 30.
2023.09.03 14:40:23,008	INFO	1	org.l2jmobius.gameserver.data.xml.EnchantItemGroupsData	EnchantItemGroupsData: Max accessory enchant is set to 30.
2023.09.03 14:40:23,025	INFO	1	org.l2jmobius.gameserver.data.xml.EnchantItemData	EnchantItemData: Loaded 288 enchant scrolls.
2023.09.03 14:40:23,025	INFO	1	org.l2jmobius.gameserver.data.xml.EnchantItemData	EnchantItemData: Loaded 104 support items.
2023.09.03 14:40:23,894	INFO	1	org.l2jmobius.gameserver.data.xml.OptionData	OptionData: Loaded 38459 options.
2023.09.03 14:40:23,907	INFO	1	org.l2jmobius.gameserver.data.xml.EnchantItemOptionsData	EnchantItemOptionsData: Loaded 357 items and 4714 options.
2023.09.03 14:40:23,917	INFO	1	org.l2jmobius.commons.util.IXmlReader	ElementalAttributeData: Loaded 139 elemental attribute items.
2023.09.03 14:40:23,933	INFO	1	org.l2jmobius.gameserver.data.xml.ItemCrystallizationData	ItemCrystallizationData: Loaded 13 crystallization templates.
2023.09.03 14:40:23,933	INFO	1	org.l2jmobius.gameserver.data.xml.ItemCrystallizationData	ItemCrystallizationData: Loaded 338 pre-defined crystallizable items.
2023.09.03 14:40:23,942	INFO	1	org.l2jmobius.gameserver.data.xml.ItemCrystallizationData	ItemCrystallizationData: Generated 5989 crystallizable items from templates.
2023.09.03 14:40:23,977	INFO	1	VariationData	VariationData: Loaded 38 variations.
2023.09.03 14:40:23,977	INFO	1	VariationData	VariationData: Loaded 2492 fees.
2023.09.03 14:40:24,011	INFO	1	org.l2jmobius.gameserver.data.xml.EnsoulData	EnsoulData: Loaded 128 fees.
2023.09.03 14:40:24,011	INFO	1	org.l2jmobius.gameserver.data.xml.EnsoulData	EnsoulData: Loaded 1169 options.
2023.09.03 14:40:24,011	INFO	1	org.l2jmobius.gameserver.data.xml.EnsoulData	EnsoulData: Loaded 125 stones.
2023.09.03 14:40:24,018	INFO	1	org.l2jmobius.gameserver.data.xml.EnchantItemHPBonusData	EnchantItemHPBonusData: Loaded 12 enchant HP bonuses.
2023.09.03 14:40:25,247	INFO	1	org.l2jmobius.gameserver.data.xml.BuyListData	BuyListData: Loaded 921 buyLists.
2023.09.03 14:40:26,244	INFO	1	org.l2jmobius.gameserver.data.xml.MultisellData	MultisellData: Loaded 603 multisell lists.
2023.09.03 14:40:26,288	INFO	1	org.l2jmobius.gameserver.data.xml.EquipmentUpgradeData	EquipmentUpgradeData: Loaded 6951 upgrade equipment data.
2023.09.03 14:40:26,329	INFO	1	org.l2jmobius.gameserver.data.xml.AgathionData	AgathionData: Loaded 435 agathion data.
2023.09.03 14:40:26,388	INFO	1	org.l2jmobius.gameserver.data.xml.RecipeData	RecipeData: Loaded 1780 recipes.
2023.09.03 14:40:26,428	INFO	1	org.l2jmobius.gameserver.data.xml.ArmorSetData	ArmorSetData: Loaded 370 armor sets.
2023.09.03 14:40:26,440	INFO	1	org.l2jmobius.gameserver.data.xml.FishingData	FishingData: Loaded 9 bait and 14 rod data.
2023.09.03 14:40:26,494	INFO	1	org.l2jmobius.gameserver.data.xml.HennaData	HennaData: Loaded 549 henna data.
2023.09.03 14:40:26,510	INFO	1	org.l2jmobius.gameserver.data.xml.PrimeShopData	PrimeShopData: Loaded 99 items.
2023.09.03 14:40:26,521	INFO	1	org.l2jmobius.gameserver.data.xml.LimitShopData	LimitShopData: Loaded 43 items.
2023.09.03 14:40:26,530	INFO	1	org.l2jmobius.gameserver.data.xml.LimitShopData	LimitShopCraftData: Loaded 119 items.
2023.09.03 14:40:26,545	INFO	1	org.l2jmobius.gameserver.data.xml.CollectionData	CollectionData: Loaded 217 collections.
2023.09.03 14:40:26,575	INFO	1	org.l2jmobius.gameserver.data.xml.AppearanceItemData	AppearanceItemData: Loaded 1282 stones.
2023.09.03 14:40:26,589	INFO	1	org.l2jmobius.gameserver.data.xml.AlchemyData	AlchemyData: Loaded 114 alchemy craft skills.
2023.09.03 14:40:26,610	INFO	1	org.l2jmobius.gameserver.instancemanager.PrivateStoreHistoryManager	PrivateStoreHistoryManager: Loaded 0 items history.
2023.09.03 14:40:26,624	INFO	1	org.l2jmobius.commons.util.IXmlReader	LuckyGameData: Loaded 2 lucky game data.
2023.09.03 14:40:26,627	INFO	1	org.l2jmobius.gameserver.data.xml.AttendanceRewardData	AttendanceRewardData: Disabled.
2023.09.03 14:40:26,627	INFO	1	org.l2jmobius.gameserver.GameServer	----------------------------------------------=[ Characters ]
2023.09.03 14:40:26,639	INFO	1	org.l2jmobius.gameserver.data.xml.ClassListData	ClassListData: Loaded 158 class data.
2023.09.03 14:40:26,651	INFO	1	org.l2jmobius.gameserver.data.xml.InitialEquipmentData	InitialEquipmentData: Loaded 14 initial equipment data.
2023.09.03 14:40:26,662	INFO	1	org.l2jmobius.gameserver.data.xml.InitialShortcutData	InitialShortcutData: Loaded 5 initial global shortcuts data.
2023.09.03 14:40:26,663	INFO	1	org.l2jmobius.gameserver.data.xml.InitialShortcutData	InitialShortcutData: Loaded 5 initial shortcuts data.
2023.09.03 14:40:26,663	INFO	1	org.l2jmobius.gameserver.data.xml.InitialShortcutData	InitialShortcutData: Loaded 0 macro presets.
2023.09.03 14:40:26,672	INFO	1	org.l2jmobius.gameserver.data.xml.ExperienceData	ExperienceData: Loaded 131 levels.
2023.09.03 14:40:26,672	INFO	1	org.l2jmobius.gameserver.data.xml.ExperienceData	ExperienceData: Max Player Level is 130.
2023.09.03 14:40:26,672	INFO	1	org.l2jmobius.gameserver.data.xml.ExperienceData	ExperienceData: Max Pet Level is 130.
2023.09.03 14:40:26,689	INFO	1	org.l2jmobius.gameserver.data.xml.KarmaData	KarmaData: Loaded 130 karma modifiers.
2023.09.03 14:40:26,699	INFO	1	org.l2jmobius.gameserver.data.xml.HitConditionBonusData	HitConditionBonusData: Loaded hit condition bonuses.
2023.09.03 14:40:27,115	INFO	1	org.l2jmobius.gameserver.data.xml.PlayerTemplateData	PlayerTemplateData: Loaded 150 character templates.
2023.09.03 14:40:27,116	INFO	1	org.l2jmobius.gameserver.data.xml.PlayerTemplateData	PlayerTemplateData: Loaded 108000 level up gain records.
2023.09.03 14:40:27,116	INFO	1	org.l2jmobius.gameserver.data.xml.PlayerTemplateData	PlayerTemplateData: Generated 1500 level up gain records.
2023.09.03 14:40:27,120	INFO	1	org.l2jmobius.gameserver.data.sql.CharNameTable	CharNameTable: Loaded 11 char names.
2023.09.03 14:40:27,135	INFO	1	org.l2jmobius.gameserver.data.xml.AdminData	AdminData: Loaded 10 access levels.
2023.09.03 14:40:27,147	INFO	1	org.l2jmobius.gameserver.data.xml.AdminData	AdminData: Loaded 468 access commands.
2023.09.03 14:40:27,582	INFO	1	org.l2jmobius.gameserver.data.xml.PetDataTable	PetDataTable: Loaded 56 pets.
2023.09.03 14:40:27,635	INFO	1	org.l2jmobius.gameserver.data.xml.CubicData	CubicData: Loaded 25 cubics.
2023.09.03 14:40:27,654	INFO	1	org.l2jmobius.gameserver.GameServer	---------------------------------------------------=[ Clans ]
2023.09.03 14:40:27,665	INFO	1	org.l2jmobius.gameserver.communitybbs.Manager.ForumsBBSManager	ForumsBBSManager: Loaded 4 forums. Last forum id used: 4
2023.09.03 14:40:27,691	INFO	1	org.l2jmobius.gameserver.data.sql.ClanTable	ClanTable: Restored 2 clans from the database.
2023.09.03 14:40:27,706	INFO	1	org.l2jmobius.gameserver.data.xml.ResidenceFunctionsData	ResidenceFunctionsData: Loaded 8 functions.
2023.09.03 14:40:27,876	INFO	1	org.l2jmobius.gameserver.data.xml.ClanHallData	ClanHallData: Succesfully loaded 57 clan halls.
2023.09.03 14:40:27,879	INFO	1	org.l2jmobius.gameserver.instancemanager.ClanHallAuctionManager	ClanHallAuctionManager: Clan Hall Auction has started!
2023.09.03 14:40:27,893	INFO	1	org.l2jmobius.gameserver.instancemanager.ClanEntryManager	ClanEntryManager: Loaded 0 clan entries.
2023.09.03 14:40:27,893	INFO	1	org.l2jmobius.gameserver.instancemanager.ClanEntryManager	ClanEntryManager: Loaded 0 players in waiting list.
2023.09.03 14:40:27,894	INFO	1	org.l2jmobius.gameserver.instancemanager.ClanEntryManager	ClanEntryManager: Loaded 0 player applications.
2023.09.03 14:40:27,903	INFO	1	org.l2jmobius.gameserver.data.xml.ClanMasteryData	ClanMasteryData: Loaded 16 clan masteries.
2023.09.03 14:40:27,916	INFO	1	org.l2jmobius.gameserver.data.xml.ClanShopData	ClanShopData: Loaded 13 clan shop products.
2023.09.03 14:40:27,917	INFO	1	org.l2jmobius.gameserver.GameServer	-------------------------------------------------=[ Geodata ]
2023.09.03 14:40:27,942	INFO	1	org.l2jmobius.gameserver.geoengine.GeoEngine	GeoEngine: Loaded 0 regions.
2023.09.03 14:40:27,942	INFO	1	org.l2jmobius.gameserver.GameServer	----------------------------------------------------=[ NPCs ]
2023.09.03 14:40:29,544	INFO	1	org.l2jmobius.gameserver.data.xml.NpcData	NpcData: Loaded 14789 NPCs.
2023.09.03 14:40:29,557	INFO	1	org.l2jmobius.gameserver.data.xml.NpcData	NpcData: Loaded 22 custom NPCs.
2023.09.03 14:40:29,559	INFO	1	org.l2jmobius.gameserver.data.xml.FakePlayerData	FakePlayerData: Disabled.
2023.09.03 14:40:29,561	INFO	1	org.l2jmobius.gameserver.instancemanager.FakePlayerChatManager	FakePlayerChatManager: Disabled.
2023.09.03 14:40:30,385	INFO	1	org.l2jmobius.gameserver.data.xml.SpawnData	SpawnData: Loaded 56172 spawns
2023.09.03 14:40:30,409	INFO	1	org.l2jmobius.gameserver.instancemanager.WalkingManager	WalkingManager: Loaded 197 walking routes.
2023.09.03 14:40:30,429	INFO	1	org.l2jmobius.gameserver.data.xml.StaticObjectData	StaticObjectData: Loaded 86 static object templates.
2023.09.03 14:40:30,457	INFO	1	org.l2jmobius.gameserver.model.itemauction.ItemAuctionInstance	ItemAuctionInstance: Clearing expired auction: 4
2023.09.03 14:40:30,458	INFO	1	org.l2jmobius.gameserver.model.itemauction.ItemAuctionInstance	ItemAuctionInstance: Loaded 21 item(s) and registered 3 auction(s) for instance 34328
2023.09.03 14:40:30,462	INFO	1	org.l2jmobius.gameserver.model.itemauction.ItemAuctionInstance	ItemAuctionInstance: Schedule next auction 7 on 17:00:00 09.09.23 for instance 34328
2023.09.03 14:40:30,462	INFO	1	org.l2jmobius.gameserver.instancemanager.ItemAuctionManager	ItemAuctionManager: Loaded 1 instances.
2023.09.03 14:40:30,500	INFO	1	org.l2jmobius.gameserver.instancemanager.CastleManager	CastleManager: Loaded 9 castles.
2023.09.03 14:40:30,503	INFO	1	org.l2jmobius.gameserver.instancemanager.GrandBossManager	GrandBossManager: Fafurion(19740) status is 0
2023.09.03 14:40:30,504	INFO	1	org.l2jmobius.gameserver.instancemanager.GrandBossManager	GrandBossManager: Kelbim(26124) status is 0
2023.09.03 14:40:30,504	INFO	1	org.l2jmobius.gameserver.instancemanager.GrandBossManager	GrandBossManager: Core(29006) status is 0
2023.09.03 14:40:30,504	INFO	1	org.l2jmobius.gameserver.instancemanager.GrandBossManager	GrandBossManager: Baium(29020) status is 0
2023.09.03 14:40:30,504	INFO	1	org.l2jmobius.gameserver.instancemanager.GrandBossManager	GrandBossManager: Valakas(29028) status is 0
2023.09.03 14:40:30,504	INFO	1	org.l2jmobius.gameserver.instancemanager.GrandBossManager	GrandBossManager: Antharas(29068) status is 0
2023.09.03 14:40:30,504	INFO	1	org.l2jmobius.gameserver.instancemanager.GrandBossManager	GrandBossManager: Beleth(29118) status is 0
2023.09.03 14:40:30,504	INFO	1	org.l2jmobius.gameserver.instancemanager.GrandBossManager	GrandBossManager: Earth Wyrm Trasken(29197) status is 0
2023.09.03 14:40:30,505	INFO	1	org.l2jmobius.gameserver.instancemanager.GrandBossManager	GrandBossManager: Lindvior(29240) status is 0
2023.09.03 14:40:30,505	INFO	1	org.l2jmobius.gameserver.instancemanager.GrandBossManager	GrandBossManager: Helios(29305) status is 0
2023.09.03 14:40:30,505	INFO	1	org.l2jmobius.gameserver.instancemanager.GrandBossManager	GrandBossManager: Orfen(29325) status is 0
2023.09.03 14:40:30,505	INFO	1	org.l2jmobius.gameserver.instancemanager.GrandBossManager	GrandBossManager: Lilith(29336) status is 0
2023.09.03 14:40:30,505	INFO	1	org.l2jmobius.gameserver.instancemanager.GrandBossManager	GrandBossManager: Anakim(29348) status is 0
2023.09.03 14:40:30,505	INFO	1	org.l2jmobius.gameserver.instancemanager.GrandBossManager	GrandBossManager: Queen Ant(29381) status is 0
2023.09.03 14:40:30,505	INFO	1	org.l2jmobius.gameserver.instancemanager.GrandBossManager	GrandBossManager: Loaded 14 instances.
2023.09.03 14:40:30,521	INFO	1	org.l2jmobius.commons.util.IXmlReader	HomunculusData: Loaded 30 templates.
2023.09.03 14:40:30,533	INFO	1	org.l2jmobius.commons.util.IXmlReader	HomunculusSlotData: Loaded 9 templates.
2023.09.03 14:40:30,544	INFO	1	org.l2jmobius.commons.util.IXmlReader	HomunculusCreationData: Loaded 2 templates.
2023.09.03 14:40:30,545	INFO	1	org.l2jmobius.gameserver.GameServer	------------------------------------------------=[ Instance ]
2023.09.03 14:40:30,556	INFO	1	org.l2jmobius.gameserver.instancemanager.InstanceManager	InstanceManager: Loaded 334 instance names.
2023.09.03 14:40:30,905	INFO	1	org.l2jmobius.gameserver.instancemanager.InstanceManager	InstanceManager: Loaded 159 instance templates.
2023.09.03 14:40:30,905	INFO	1	org.l2jmobius.gameserver.instancemanager.InstanceManager	InstanceManager: Loaded instance reenter times for 0 players.
2023.09.03 14:40:30,905	INFO	1	org.l2jmobius.gameserver.GameServer	------------------------------------------------=[ Olympiad ]
2023.09.03 14:40:30,912	INFO	1	org.l2jmobius.gameserver.model.olympiad.Olympiad	Olympiad System: Loading....
2023.09.03 14:40:30,913	INFO	1	org.l2jmobius.gameserver.model.olympiad.Olympiad	Olympiad System: Currently in Olympiad Period
2023.09.03 14:40:30,913	INFO	1	org.l2jmobius.gameserver.model.olympiad.Olympiad	Olympiad System: 27 days, 21 hours and 19 mins until period ends.
2023.09.03 14:40:30,913	INFO	1	org.l2jmobius.gameserver.model.olympiad.Olympiad	Olympiad System: Next weekly change is in 4 days, 10 hours and 9 mins.
2023.09.03 14:40:30,913	INFO	1	org.l2jmobius.gameserver.model.olympiad.Olympiad	Olympiad System: Loaded 0 Nobles
2023.09.03 14:40:30,917	INFO	1	org.l2jmobius.gameserver.model.olympiad.Olympiad	Olympiad System: Competition Period Starts in 5 days, 5 hours and 20 mins.
2023.09.03 14:40:30,918	INFO	1	org.l2jmobius.gameserver.model.olympiad.Olympiad	Olympiad System: Event starts/started: Fri Sep 08 20:00:30 EEST 2023
2023.09.03 14:40:30,925	INFO	1	org.l2jmobius.gameserver.model.olympiad.Hero	Hero System: Loaded 0 Heroes.
2023.09.03 14:40:30,925	INFO	1	org.l2jmobius.gameserver.model.olympiad.Hero	Hero System: Loaded 0 all time Heroes.
2023.09.03 14:40:30,925	INFO	1	org.l2jmobius.gameserver.GameServer	---------------------------------------------------=[ Cache ]
2023.09.03 14:40:30,927	INFO	1	org.l2jmobius.gameserver.cache.HtmCache	Html cache start...
2023.09.03 14:40:52,846	INFO	1	org.l2jmobius.gameserver.cache.HtmCache	Cache[HTML]: 4.247 megabytes on 6397 files loaded.
2023.09.03 14:40:52,849	INFO	1	org.l2jmobius.gameserver.data.sql.CrestTable	CrestTable: Loaded 0 Crests.
2023.09.03 14:40:52,858	INFO	1	org.l2jmobius.gameserver.data.xml.TeleportListData	TeleportListData: Loaded 104 teleports.
2023.09.03 14:40:53,212	INFO	1	org.l2jmobius.gameserver.data.xml.TeleporterData	TeleporterData: Loaded 168 npc teleporters.
2023.09.03 14:40:53,220	INFO	1	org.l2jmobius.gameserver.data.xml.TimedHuntingZoneData	TimedHuntingZoneData: Loaded 10 timed hunting zones.
2023.09.03 14:40:53,235	INFO	1	org.l2jmobius.gameserver.instancemanager.CursedWeaponsManager	CursedWeaponsManager: Loaded 2 cursed weapons.
2023.09.03 14:40:53,580	INFO	1	org.l2jmobius.gameserver.data.xml.TransformData	TransformData: Loaded 180 transform templates.
2023.09.03 14:40:53,590	INFO	1	org.l2jmobius.gameserver.data.BotReportTable	BotReportTable: Loaded 0 bot reports
2023.09.03 14:40:53,604	INFO	1	org.l2jmobius.gameserver.instancemanager.SellBuffsManager	SellBuffsManager: Loaded 145 allowed buffs.
2023.09.03 14:40:53,604	INFO	1	org.l2jmobius.gameserver.GameServer	-------------------------------------------------=[ Scripts ]
2023.09.03 14:40:53,612	INFO	1	org.l2jmobius.gameserver.instancemanager.AirShipManager	AirShipManager: Loaded 0 private airships
2023.09.03 14:40:53,630	INFO	1	org.l2jmobius.gameserver.data.xml.ShuttleData	ShuttleData: Loaded 3 shuttles.
2023.09.03 14:40:53,631	INFO	1	org.l2jmobius.gameserver.GameServer	GameServer: Loading server scripts:
2023.09.03 14:40:54,000	INFO	1	handlers.MasterHandler	Loading Handlers...
2023.09.03 14:40:54,100	INFO	1	handlers.MasterHandler	ActionHandler: Loaded 10 handlers.
2023.09.03 14:40:54,100	INFO	1	handlers.MasterHandler	ActionShiftHandler: Loaded 6 handlers.
2023.09.03 14:40:54,100	INFO	1	handlers.MasterHandler	AdminCommandHandler: Loaded 461 handlers.
2023.09.03 14:40:54,100	INFO	1	handlers.MasterHandler	BypassHandler: Loaded 30 handlers.
2023.09.03 14:40:54,100	INFO	1	handlers.MasterHandler	ChatHandler: Loaded 14 handlers.
2023.09.03 14:40:54,100	INFO	1	handlers.MasterHandler	CommunityBoardHandler: Loaded 24 handlers.
2023.09.03 14:40:54,100	INFO	1	handlers.MasterHandler	ItemHandler: Loaded 34 handlers.
2023.09.03 14:40:54,100	INFO	1	handlers.MasterHandler	PunishmentHandler: Loaded 3 handlers.
2023.09.03 14:40:54,100	INFO	1	handlers.MasterHandler	UserCommandHandler: Loaded 16 handlers.
2023.09.03 14:40:54,100	INFO	1	handlers.MasterHandler	VoicedCommandHandler: Loaded 11 handlers.
2023.09.03 14:40:54,100	INFO	1	handlers.MasterHandler	TargetHandler: Loaded 21 handlers.
2023.09.03 14:40:54,100	INFO	1	handlers.MasterHandler	AffectObjectHandler: Loaded 11 handlers.
2023.09.03 14:40:54,100	INFO	1	handlers.MasterHandler	AffectScopeHandler: Loaded 19 handlers.
2023.09.03 14:40:54,100	INFO	1	handlers.MasterHandler	PlayerActionHandler: Loaded 25 handlers.
2023.09.03 14:40:54,100	INFO	1	handlers.MasterHandler	Handlers Loaded...
2023.09.03 14:40:58,703	INFO	1	ai.areas.FantasyIsle.HandysBlockCheckerEvent	Handy's Block Checker Event is disabled
2023.09.03 14:40:58,708	INFO	1	ai.areas.FantasyIsle.Parade	Fantasy Isle: Parade starting at 2023/09/03 17:20 and is scheduled each next 1 hours.
2023.09.03 14:40:58,712	INFO	1	ai.areas.FantasyIsle.TalentShow	Fantasy Isle: MC show script starting at 03/09/2023 19:05:58 and is scheduled each next 4 hours.
2023.09.03 14:40:58,899	INFO	1	org.l2jmobius.gameserver.instancemanager.GrandBossManager	GrandBossManager: Updated Anakim(29348) status to 0.
2023.09.03 14:40:58,937	INFO	1	org.l2jmobius.gameserver.instancemanager.GrandBossManager	GrandBossManager: Updated Etis van Etina(29318) status to 0.
2023.09.03 14:40:58,953	INFO	1	org.l2jmobius.gameserver.instancemanager.GrandBossManager	GrandBossManager: Updated Fafurion(19740) status to 0.
2023.09.03 14:40:58,969	INFO	1	org.l2jmobius.gameserver.instancemanager.GrandBossManager	GrandBossManager: Updated Helios(29305) status to 0.
2023.09.03 14:40:58,985	INFO	1	org.l2jmobius.gameserver.instancemanager.GrandBossManager	GrandBossManager: Updated Lilith(29336) status to 0.
2023.09.03 14:40:58,994	INFO	1	org.l2jmobius.gameserver.instancemanager.GrandBossManager	GrandBossManager: Updated Lindvior(29240) status to 0.
2023.09.03 14:40:59,054	INFO	1	ai.bosses.Tiat.Stage1	[Seed of Destruction] Loaded 51 spawn zones data.
2023.09.03 14:40:59,105	INFO	1	ai.others.ClassMaster.ClassMaster	ClassMaster: Loaded 0 class change options.
2023.09.03 14:40:59,203	INFO	1	ai.others.MentorGuide.MentorGuide	MentorGuide: Loaded 4 mentee coins
2023.09.03 14:40:59,218	INFO	1	ai.others.NpcBuffers.NpcBuffersData	NpcBuffersData: Loaded 6 buffers data.
2023.09.03 14:40:59,295	INFO	1	org.l2jmobius.gameserver.model.quest.Quest	Event Balthus Event has passed... Ignored 
2023.09.03 14:40:59,298	INFO	1	org.l2jmobius.gameserver.model.quest.Quest	Event Birth of Draco has passed... Ignored 
2023.09.03 14:40:59,303	INFO	1	org.l2jmobius.gameserver.model.quest.Quest	Event Chuseok Harvest Festival has passed... Ignored 
2023.09.03 14:40:59,306	INFO	1	org.l2jmobius.gameserver.model.quest.Quest	Event Dragon Slayer has passed... Ignored 
2023.09.03 14:40:59,308	INFO	1	org.l2jmobius.gameserver.model.quest.Quest	Event Dream Maker has passed... Ignored 
2023.09.03 14:40:59,316	INFO	1	org.l2jmobius.gameserver.model.quest.Quest	Event Eve the Fortune Teller active till Tue Dec 18 00:00:00 EET 2029
2023.09.03 14:40:59,319	INFO	1	org.l2jmobius.gameserver.model.quest.Quest	Event Freya Celebration has passed... Ignored 
2023.09.03 14:40:59,321	INFO	1	org.l2jmobius.gameserver.model.quest.Quest	Event Gift of Vitality has passed... Ignored 
2023.09.03 14:40:59,324	INFO	1	org.l2jmobius.gameserver.model.quest.Quest	Event Halloween has passed... Ignored 
2023.09.03 14:40:59,327	INFO	1	org.l2jmobius.gameserver.model.quest.Quest	Event Heavy Medal has passed... Ignored 
2023.09.03 14:40:59,329	INFO	1	org.l2jmobius.gameserver.model.quest.Quest	Event Hungry Horse has passed... Ignored 
2023.09.03 14:40:59,331	INFO	1	org.l2jmobius.gameserver.model.quest.Quest	Event Hunt for Santa has passed... Ignored 
2023.09.03 14:40:59,333	INFO	1	org.l2jmobius.gameserver.model.quest.Quest	Event Legend's Mark has passed... Ignored 
2023.09.03 14:40:59,337	INFO	1	org.l2jmobius.gameserver.model.quest.Quest	Event Letter Collector has passed... Ignored 
2023.09.03 14:40:59,339	INFO	1	org.l2jmobius.gameserver.model.quest.Quest	Event Lovers Jubilee has passed... Ignored 
2023.09.03 14:40:59,341	INFO	1	org.l2jmobius.gameserver.model.quest.Quest	Event Love Your Gatekeeper has passed... Ignored 
2023.09.03 14:40:59,343	INFO	1	org.l2jmobius.gameserver.model.quest.Quest	Event Master of Enchanting has passed... Ignored 
2023.09.03 14:40:59,347	INFO	1	org.l2jmobius.gameserver.model.quest.Quest	Event Red Libra has passed... Ignored 
2023.09.03 14:40:59,350	INFO	1	org.l2jmobius.gameserver.model.quest.Quest	Event Rudolphs Blessing has passed... Ignored 
2023.09.03 14:40:59,355	INFO	1	org.l2jmobius.gameserver.model.quest.Quest	Event Saving Santa has passed... Ignored 
2023.09.03 14:40:59,359	INFO	1	org.l2jmobius.gameserver.model.quest.Quest	Event Smash It Completely has passed... Ignored 
2023.09.03 14:40:59,363	INFO	1	org.l2jmobius.gameserver.model.quest.Quest	Event Snowman Energy has passed... Ignored 
2023.09.03 14:40:59,366	INFO	1	org.l2jmobius.gameserver.model.quest.Quest	Event The Power Of Love has passed... Ignored 
2023.09.03 14:40:59,367	INFO	1	org.l2jmobius.gameserver.model.quest.Quest	Event Training with Dandy has passed... Ignored 
2023.09.03 14:40:59,505	INFO	1	org.l2jmobius.gameserver.data.xml.SpawnData	SpawnData: Initializing spawns...
2023.09.03 14:40:59,686	INFO	1	org.l2jmobius.gameserver.instancemanager.DBSpawnManager	DBSpawnManager: Loaded 33 instances.
2023.09.03 14:40:59,686	INFO	1	org.l2jmobius.gameserver.instancemanager.DBSpawnManager	DBSpawnManager: Scheduled 0 instances.
2023.09.03 14:41:07,579	INFO	1	org.l2jmobius.gameserver.data.xml.SpawnData	SpawnData: All spawns has been initialized!
2023.09.03 14:41:07,579	INFO	1	org.l2jmobius.gameserver.GameServer	---------------------------------------------------=[ Siege ]
2023.09.03 14:41:07,597	INFO	1	org.l2jmobius.gameserver.data.xml.SiegeScheduleData	SiegeScheduleData: Loaded 9 siege schedulers.
2023.09.03 14:41:07,597	INFO	1	org.l2jmobius.gameserver.model.siege.Siege	Siege of Gludio: Sun Sep 03 16:00:00 EEST 2023
2023.09.03 14:41:07,598	INFO	1	org.l2jmobius.gameserver.model.siege.Siege	Siege of Dion: Sun Sep 03 20:00:00 EEST 2023
2023.09.03 14:41:07,598	INFO	1	org.l2jmobius.gameserver.model.siege.Siege	Siege of Giran: Sun Sep 03 16:00:00 EEST 2023
2023.09.03 14:41:07,598	INFO	1	org.l2jmobius.gameserver.model.siege.Siege	Siege of Oren: Sun Sep 03 20:00:00 EEST 2023
2023.09.03 14:41:07,598	INFO	1	org.l2jmobius.gameserver.model.siege.Siege	Siege of Aden: Sun Sep 03 16:00:00 EEST 2023
2023.09.03 14:41:07,599	INFO	1	org.l2jmobius.gameserver.model.siege.Siege	Siege of Innadril: Sun Sep 03 20:00:00 EEST 2023
2023.09.03 14:41:07,599	INFO	1	org.l2jmobius.gameserver.model.siege.Siege	Siege of Goddard: Sun Sep 03 16:00:00 EEST 2023
2023.09.03 14:41:07,599	INFO	1	org.l2jmobius.gameserver.model.siege.Siege	Siege of Rune: Sun Sep 03 20:00:00 EEST 2023
2023.09.03 14:41:07,600	INFO	1	org.l2jmobius.gameserver.model.siege.Siege	Siege of Schuttgart: Sun Sep 03 16:00:00 EEST 2023
2023.09.03 14:41:07,653	INFO	1	org.l2jmobius.gameserver.instancemanager.FortManager	FortManager: Loaded 20 fortress.
2023.09.03 14:41:07,737	INFO	1	org.l2jmobius.gameserver.instancemanager.CastleManorManager	CastleManorManager: Loaded 258 seeds.
2023.09.03 14:41:07,739	INFO	1	org.l2jmobius.gameserver.instancemanager.CastleManorManager	CastleManorManager: Manor data loaded.
2023.09.03 14:41:07,748	INFO	1	org.l2jmobius.gameserver.instancemanager.SiegeGuardManager	SiegeGuardManager: Loaded 0 siege guards tickets.
2023.09.03 14:41:07,748	INFO	1	org.l2jmobius.gameserver.instancemanager.QuestManager	QuestManager: Loaded 63 quests.
2023.09.03 14:41:07,748	INFO	1	org.l2jmobius.gameserver.instancemanager.QuestManager	QuestManager: Loaded 432 scripts.
2023.09.03 14:41:07,762	INFO	1	org.l2jmobius.gameserver.taskmanager.TaskManager	TaskManager: Loaded 5 Tasks.
2023.09.03 14:41:07,765	INFO	1	org.l2jmobius.gameserver.instancemanager.DailyTaskManager	DailyTaskManager: Next schedule at 04/09 06:30.
2023.09.03 14:41:07,771	INFO	1	org.l2jmobius.gameserver.instancemanager.MailManager	MailManager: Loaded 1 messages.
2023.09.03 14:41:07,773	INFO	1	org.l2jmobius.gameserver.instancemanager.PunishmentManager	PunishmentManager: Loaded 0 active and 0 expired punishments.
2023.09.03 14:41:07,775	INFO	1	org.l2jmobius.gameserver.GameServer	IdManager: Free ObjectID's remaining: 1878969212
2023.09.03 14:41:07,777	INFO	1	org.l2jmobius.gameserver.data.sql.OfflineTraderTable	OfflineTraderTable: Loading offline traders...
2023.09.03 14:41:07,777	INFO	1	org.l2jmobius.gameserver.data.sql.OfflineTraderTable	OfflineTraderTable: Loaded 0 offline traders.
2023.09.03 14:41:08,150	INFO	1	org.l2jmobius.gameserver.GameServer	GameServer: Started, using 1524 of 4064 MB total memory.
2023.09.03 14:41:08,150	INFO	1	org.l2jmobius.gameserver.GameServer	GameServer: Maximum number of connected players is 2000.
2023.09.03 14:41:08,150	INFO	1	org.l2jmobius.gameserver.GameServer	GameServer: Server loaded in 54 seconds.
2023.09.03 14:41:08,155	INFO	106	org.l2jmobius.commons.network.NetServer	GameServer: Listening on port 7777 for incoming connections.
2023.09.03 14:41:08,164	INFO	107	org.l2jmobius.gameserver.LoginServerThread	LoginServerThread: Connecting to login on 192.168.0.110:9014
2023.09.03 14:41:08,215	INFO	107	org.l2jmobius.gameserver.LoginServerThread	LoginServerThread: Registered on login as Server 2: Sieghardt
2023.09.03 15:11:07,797	INFO	50	org.l2jmobius.gameserver.instancemanager.GlobalVariablesManager	GlobalVariablesManager: Stored 17 variables.
2023.09.03 15:41:07,791	INFO	53	org.l2jmobius.gameserver.instancemanager.GlobalVariablesManager	GlobalVariablesManager: Stored 17 variables.
2023.09.03 16:00:00,867	INFO	35	org.l2jmobius.gameserver.model.siege.Siege	Siege of Aden: Sun Sep 03 16:00:00 EEST 2023
2023.09.03 16:00:00,868	INFO	67	org.l2jmobius.gameserver.model.siege.Siege	Siege of Gludio: Sun Sep 03 16:00:00 EEST 2023
2023.09.03 16:00:00,869	INFO	54	org.l2jmobius.gameserver.model.siege.Siege	Siege of Giran: Sun Sep 03 16:00:00 EEST 2023
2023.09.03 16:00:00,869	INFO	58	org.l2jmobius.gameserver.model.siege.Siege	Siege of Goddard: Sun Sep 03 16:00:00 EEST 2023
2023.09.03 16:00:00,871	INFO	35	org.l2jmobius.gameserver.model.siege.Siege	Siege of Schuttgart: Sun Sep 03 16:00:00 EEST 2023
2023.09.03 16:11:07,793	INFO	65	org.l2jmobius.gameserver.instancemanager.GlobalVariablesManager	GlobalVariablesManager: Stored 17 variables.
2023.09.03 16:41:07,786	INFO	67	org.l2jmobius.gameserver.instancemanager.GlobalVariablesManager	GlobalVariablesManager: Stored 17 variables.
2023.09.03 17:11:07,789	INFO	46	org.l2jmobius.gameserver.instancemanager.GlobalVariablesManager	GlobalVariablesManager: Stored 17 variables.
2023.09.03 17:41:07,785	INFO	56	org.l2jmobius.gameserver.instancemanager.GlobalVariablesManager	GlobalVariablesManager: Stored 17 variables.
2023.09.03 17:51:14,157	WARNING	240	org.l2jmobius.gameserver.model.actor.Creature	Master access level set for character f! Just a warning to be careful ;)
2023.09.03 18:11:07,792	INFO	73	org.l2jmobius.gameserver.instancemanager.GlobalVariablesManager	GlobalVariablesManager: Stored 17 variables.
2023.09.03 18:41:07,792	INFO	77	org.l2jmobius.gameserver.instancemanager.GlobalVariablesManager	GlobalVariablesManager: Stored 17 variables.
2023.09.03 19:11:07,781	INFO	67	org.l2jmobius.gameserver.instancemanager.GlobalVariablesManager	GlobalVariablesManager: Stored 17 variables.
2023.09.03 19:41:07,784	INFO	60	org.l2jmobius.gameserver.instancemanager.GlobalVariablesManager	GlobalVariablesManager: Stored 17 variables.
2023.09.03 19:58:50,786	INFO	22	org.l2jmobius.gameserver.cache.HtmCache	Html cache start...
2023.09.03 19:58:52,221	INFO	22	org.l2jmobius.gameserver.cache.HtmCache	Cache[HTML]: 4.254 megabytes on 6397 files loaded.
2023.09.03 20:00:00,876	INFO	58	org.l2jmobius.gameserver.model.siege.Siege	Siege of Rune: Sun Sep 03 20:00:00 EEST 2023
2023.09.03 20:00:00,877	INFO	35	org.l2jmobius.gameserver.model.siege.Siege	Siege of Oren: Sun Sep 03 20:00:00 EEST 2023
2023.09.03 20:00:00,877	INFO	47	org.l2jmobius.gameserver.model.siege.Siege	Siege of Innadril: Sun Sep 03 20:00:00 EEST 2023
2023.09.03 20:00:00,878	INFO	57	org.l2jmobius.gameserver.model.siege.Siege	Siege of Dion: Sun Sep 03 20:00:00 EEST 2023
2023.09.03 20:11:07,793	INFO	70	org.l2jmobius.gameserver.instancemanager.GlobalVariablesManager	GlobalVariablesManager: Stored 17 variables.
2023.09.03 20:41:07,780	INFO	53	org.l2jmobius.gameserver.instancemanager.GlobalVariablesManager	GlobalVariablesManager: Stored 17 variables.
2023.09.03 21:11:07,779	INFO	63	org.l2jmobius.gameserver.instancemanager.GlobalVariablesManager	GlobalVariablesManager: Stored 17 variables.
2023.09.03 21:41:07,794	INFO	73	org.l2jmobius.gameserver.instancemanager.GlobalVariablesManager	GlobalVariablesManager: Stored 17 variables.
2023.09.03 22:11:07,792	INFO	56	org.l2jmobius.gameserver.instancemanager.GlobalVariablesManager	GlobalVariablesManager: Stored 17 variables.
2023.09.03 22:30:42,101	WARNING	22	org.l2jmobius.gameserver.Shutdown	Server scheduled restart issued shutdown command. Shutdown in 1 seconds!
2023.09.03 22:30:43,104	WARNING	588	org.l2jmobius.gameserver.Shutdown	GM shutdown countdown is over. shutting down NOW!
2023.09.03 22:30:43,146	INFO	588	org.l2jmobius.gameserver.Shutdown	All players disconnected and saved(40ms).
2023.09.03 22:30:43,147	INFO	588	org.l2jmobius.gameserver.Shutdown	Game Time Task Manager: Thread interruped(1ms).
2023.09.03 22:30:43,147	INFO	588	org.l2jmobius.commons.threads.ThreadPool	ThreadPool: Shutting down.
2023.09.03 22:30:43,147	INFO	588	org.l2jmobius.gameserver.Shutdown	Thread Pool Manager: Manager has been shut down(0ms).
2023.09.03 22:30:43,147	INFO	588	org.l2jmobius.gameserver.Shutdown	Login Server Thread: Thread interruped(0ms).
2023.09.03 22:30:43,147	INFO	588	org.l2jmobius.gameserver.Shutdown	GM shutdown received. Shutting down NOW!
2023.09.03 22:30:43,158	INFO	588	org.l2jmobius.gameserver.Shutdown	RaidBossSpawnManager: All raidboss info saved(10ms).
2023.09.03 22:30:43,160	INFO	588	org.l2jmobius.gameserver.Shutdown	GrandBossManager: All Grand Boss info saved(2ms).
2023.09.03 22:30:43,160	INFO	588	org.l2jmobius.gameserver.Shutdown	Item Auction Manager: All tasks stopped(0ms).
2023.09.03 22:30:43,161	INFO	588	org.l2jmobius.gameserver.Shutdown	Olympiad System: Data saved(1ms).
2023.09.03 22:30:43,162	INFO	588	org.l2jmobius.gameserver.Shutdown	Hero System: Data saved(1ms).
2023.09.03 22:30:43,164	INFO	588	org.l2jmobius.gameserver.Shutdown	Clan System: Data saved(2ms).
2023.09.03 22:30:43,165	INFO	588	org.l2jmobius.gameserver.Shutdown	Cursed Weapons Manager: Data saved(1ms).
2023.09.03 22:30:43,166	INFO	588	org.l2jmobius.gameserver.Shutdown	Castle Manor Manager: Data saved(1ms).
2023.09.03 22:30:43,169	INFO	588	org.l2jmobius.gameserver.Shutdown	Quest Manager: Data saved(3ms).
2023.09.03 22:30:43,180	INFO	588	org.l2jmobius.gameserver.instancemanager.GlobalVariablesManager	GlobalVariablesManager: Stored 17 variables.
2023.09.03 22:30:43,181	INFO	588	org.l2jmobius.gameserver.Shutdown	Global Variables Manager: Variables saved(12ms).
2023.09.03 22:30:43,181	INFO	588	org.l2jmobius.gameserver.Shutdown	Bot Report Table: Successfully saved reports to database!
2023.09.03 22:30:48,209	INFO	588	org.l2jmobius.gameserver.Shutdown	Database Factory: Database connection has been shut down(13ms).
2023.09.03 22:30:48,209	INFO	588	org.l2jmobius.gameserver.Shutdown	The server has been successfully shut down in 5seconds.
