2023.08.19 03:59:20,295	INFO	1	org.l2jmobius.commons.util.IXmlReader	Network Config: ipconfig.xml exists using manual configuration...
2023.08.19 03:59:20,441	INFO	1	org.l2jmobius.Config	Loaded 6 Filter Words.
2023.08.19 03:59:20,464	INFO	1	org.l2jmobius.gameserver.GameServer	------------------------------------------------=[ Database ]
2023.08.19 03:59:20,839	INFO	1	org.l2jmobius.commons.database.DatabaseFactory	Database: Initialized.
2023.08.19 03:59:20,839	INFO	1	org.l2jmobius.gameserver.GameServer	----------------------------------------------=[ ThreadPool ]
2023.08.19 03:59:20,842	INFO	1	org.l2jmobius.commons.threads.ThreadPool	ThreadPool: Initialized
2023.08.19 03:59:20,848	INFO	1	org.l2jmobius.commons.threads.ThreadPool	...scheduled pool executor with 48 total threads.
2023.08.19 03:59:20,849	INFO	1	org.l2jmobius.commons.threads.ThreadPool	...instant pool executor with 24 total threads.
2023.08.19 03:59:20,851	INFO	1	org.l2jmobius.gameserver.GameServer	-----------------------------------------------=[ IdManager ]
2023.08.19 03:59:20,855	INFO	1	org.l2jmobius.gameserver.instancemanager.IdManager	Updated characters online status.
2023.08.19 03:59:20,882	INFO	1	org.l2jmobius.gameserver.instancemanager.IdManager	IdManager: Cleaned 0 elements from database in 0 seconds.
2023.08.19 03:59:20,885	INFO	1	org.l2jmobius.gameserver.instancemanager.IdManager	IdManager: Cleaned 0 expired timestamps from database.
2023.08.19 03:59:20,890	INFO	1	org.l2jmobius.gameserver.instancemanager.IdManager	IdManager: 102912 id's available.
2023.08.19 03:59:20,890	INFO	1	org.l2jmobius.gameserver.GameServer	----------------------------------------=[ Scripting Engine ]
2023.08.19 03:59:20,997	INFO	1	org.l2jmobius.gameserver.scripting.ScriptEngineManager	Loaded 827 files to exclude.
2023.08.19 03:59:20,997	INFO	1	org.l2jmobius.gameserver.GameServer	---------------------------------------------------=[ World ]
2023.08.19 03:59:21,034	INFO	1	org.l2jmobius.gameserver.model.World	World: (288 by 272) World Region Grid set up.
2023.08.19 03:59:21,189	INFO	1	org.l2jmobius.gameserver.instancemanager.MapRegionManager	MapRegionManager: Loaded 61 map regions.
2023.08.19 03:59:21,194	INFO	1	org.l2jmobius.gameserver.instancemanager.ZoneManager	ZoneManager 19 by 18 Zone Region Grid set up.
2023.08.19 03:59:21,642	INFO	1	org.l2jmobius.gameserver.instancemanager.ZoneManager	ZoneManager: Loaded 34 zone classes and 2966 zones.
2023.08.19 03:59:21,645	INFO	1	org.l2jmobius.gameserver.instancemanager.ZoneManager	ZoneManager: Last static id 210110.
2023.08.19 03:59:21,932	INFO	1	org.l2jmobius.gameserver.data.xml.DoorData	DoorData: Loaded 1474 doors.
2023.08.19 03:59:21,941	INFO	1	FenceData	FenceData: Loaded 1 fences.
2023.08.19 03:59:21,951	INFO	1	org.l2jmobius.gameserver.instancemanager.GlobalVariablesManager	GlobalVariablesManager: Loaded 16 variables.
2023.08.19 03:59:21,951	INFO	1	org.l2jmobius.gameserver.GameServer	----------------------------------------------------=[ Data ]
2023.08.19 03:59:21,958	INFO	1	org.l2jmobius.gameserver.data.xml.ActionData	ActionData: Loaded 217 player actions.
2023.08.19 03:59:21,987	INFO	1	org.l2jmobius.gameserver.data.xml.CategoryData	CategoryData: Loaded 216 categories.
2023.08.19 03:59:21,992	INFO	1	org.l2jmobius.gameserver.data.xml.SecondaryAuthData	SecondaryAuthData: Loaded 328 forbidden passwords.
2023.08.19 03:59:23,713	INFO	1	org.l2jmobius.gameserver.data.ItemTable	ItemTable: Highest item id used: 96959
2023.08.19 03:59:23,723	INFO	1	org.l2jmobius.gameserver.data.ItemTable	ItemTable: Loaded 24456 Etc Items
2023.08.19 03:59:23,723	INFO	1	org.l2jmobius.gameserver.data.ItemTable	ItemTable: Loaded 12781 Armor Items
2023.08.19 03:59:23,723	INFO	1	org.l2jmobius.gameserver.data.ItemTable	ItemTable: Loaded 9113 Weapon Items
2023.08.19 03:59:23,724	INFO	1	org.l2jmobius.gameserver.data.ItemTable	ItemTable: Loaded 46350 Items in total.
2023.08.19 03:59:23,740	INFO	1	org.l2jmobius.gameserver.data.xml.CombinationItemsData	CombinationItemsData: Loaded 4434 combinations.
2023.08.19 03:59:23,750	INFO	1	org.l2jmobius.gameserver.data.xml.SayuneData	SayuneData: Loaded 71 maps.
2023.08.19 03:59:24,168	INFO	1	handlers.DailyMissionMasterHandler	DailyMissionMasterHandler: Loaded 21 handlers.
2023.08.19 03:59:24,190	INFO	1	org.l2jmobius.gameserver.data.xml.DailyMissionData	DailyMissionData: Loaded 130 one day rewards.
2023.08.19 03:59:24,190	INFO	1	org.l2jmobius.gameserver.GameServer	--------------------------------------------------=[ Skills ]
2023.08.19 03:59:25,195	INFO	1	handlers.EffectMasterHandler	EffectMasterHandler: Loaded 391 effect handlers.
2023.08.19 03:59:25,204	INFO	1	org.l2jmobius.gameserver.data.xml.EnchantSkillGroupsData	EnchantSkillGroupsData: Loaded 20 enchant routes, max enchant set to 20.
2023.08.19 03:59:28,366	INFO	1	org.l2jmobius.gameserver.data.xml.SkillData	SkillData: Loaded 194737 Skills.
2023.08.19 03:59:28,846	INFO	1	org.l2jmobius.gameserver.data.xml.SkillTreeData	SkillTreeData: Loaded 20512 Class skills for 150 class skill trees.
2023.08.19 03:59:28,847	INFO	1	org.l2jmobius.gameserver.data.xml.SkillTreeData	SkillTreeData: Loaded 1 sub-class skills.
2023.08.19 03:59:28,847	INFO	1	org.l2jmobius.gameserver.data.xml.SkillTreeData	SkillTreeData: Loaded 33 dual-class skills.
2023.08.19 03:59:28,847	INFO	1	org.l2jmobius.gameserver.data.xml.SkillTreeData	SkillTreeData: Loaded 104 transfer skills for 3 transfer skill trees.
2023.08.19 03:59:28,847	INFO	1	org.l2jmobius.gameserver.data.xml.SkillTreeData	SkillTreeData: Loaded 18 race skills for 7 race skill trees.
2023.08.19 03:59:28,847	INFO	1	org.l2jmobius.gameserver.data.xml.SkillTreeData	SkillTreeData: Loaded 35 fishing skills, 8 Dwarven only fishing skills.
2023.08.19 03:59:28,847	INFO	1	org.l2jmobius.gameserver.data.xml.SkillTreeData	SkillTreeData: Loaded 3 collect skills.
2023.08.19 03:59:28,850	INFO	1	org.l2jmobius.gameserver.data.xml.SkillTreeData	SkillTreeData: Loaded 11 clan skills, 0 for clan and 11 residential.
2023.08.19 03:59:28,850	INFO	1	org.l2jmobius.gameserver.data.xml.SkillTreeData	SkillTreeData: Loaded 0 sub-pledge skills.
2023.08.19 03:59:28,850	INFO	1	org.l2jmobius.gameserver.data.xml.SkillTreeData	SkillTreeData: Loaded 32 transform skills.
2023.08.19 03:59:28,850	INFO	1	org.l2jmobius.gameserver.data.xml.SkillTreeData	SkillTreeData: Loaded 24 noble skills.
2023.08.19 03:59:28,850	INFO	1	org.l2jmobius.gameserver.data.xml.SkillTreeData	SkillTreeData: Loaded 4 hero skills.
2023.08.19 03:59:28,850	INFO	1	org.l2jmobius.gameserver.data.xml.SkillTreeData	SkillTreeData: Loaded 61 game master skills.
2023.08.19 03:59:28,850	INFO	1	org.l2jmobius.gameserver.data.xml.SkillTreeData	SkillTreeData: Loaded 61 game master aura skills.
2023.08.19 03:59:28,851	INFO	1	org.l2jmobius.gameserver.data.xml.SkillTreeData	SkillTreeData: Loaded 123 ability skills.
2023.08.19 03:59:28,851	INFO	1	org.l2jmobius.gameserver.data.xml.SkillTreeData	SkillTreeData: Loaded 113 alchemy skills.
2023.08.19 03:59:28,851	INFO	1	org.l2jmobius.gameserver.data.xml.SkillTreeData	SkillTreeData: Loaded 37 class awaken save skills.
2023.08.19 03:59:28,851	INFO	1	org.l2jmobius.gameserver.data.xml.SkillTreeData	SkillTreeData: Loaded 20 Revelation skills.
2023.08.19 03:59:28,851	INFO	1	org.l2jmobius.gameserver.data.xml.SkillTreeData	SkillTreeData: Loaded 35 common skills.
2023.08.19 03:59:28,863	INFO	1	org.l2jmobius.gameserver.data.xml.PetSkillData	PetSkillData: Loaded 1084 skills.
2023.08.19 03:59:28,864	INFO	1	org.l2jmobius.gameserver.GameServer	---------------------------------------------------=[ Items ]
2023.08.19 03:59:28,933	INFO	1	org.l2jmobius.gameserver.data.xml.EnchantItemGroupsData	EnchantItemGroupsData: Loaded 33 item group templates.
2023.08.19 03:59:28,933	INFO	1	org.l2jmobius.gameserver.data.xml.EnchantItemGroupsData	EnchantItemGroupsData: Loaded 5 scroll group templates.
2023.08.19 03:59:28,933	INFO	1	org.l2jmobius.gameserver.data.xml.EnchantItemGroupsData	EnchantItemGroupsData: Max weapon enchant is set to 30.
2023.08.19 03:59:28,934	INFO	1	org.l2jmobius.gameserver.data.xml.EnchantItemGroupsData	EnchantItemGroupsData: Max armor enchant is set to 30.
2023.08.19 03:59:28,934	INFO	1	org.l2jmobius.gameserver.data.xml.EnchantItemGroupsData	EnchantItemGroupsData: Max accessory enchant is set to 30.
2023.08.19 03:59:28,949	INFO	1	org.l2jmobius.gameserver.data.xml.EnchantItemData	EnchantItemData: Loaded 288 enchant scrolls.
2023.08.19 03:59:28,949	INFO	1	org.l2jmobius.gameserver.data.xml.EnchantItemData	EnchantItemData: Loaded 104 support items.
2023.08.19 03:59:29,924	INFO	1	org.l2jmobius.gameserver.data.xml.OptionData	OptionData: Loaded 38459 options.
2023.08.19 03:59:29,940	INFO	1	org.l2jmobius.gameserver.data.xml.EnchantItemOptionsData	EnchantItemOptionsData: Loaded 357 items and 4714 options.
2023.08.19 03:59:29,946	INFO	1	org.l2jmobius.commons.util.IXmlReader	ElementalAttributeData: Loaded 139 elemental attribute items.
2023.08.19 03:59:29,958	INFO	1	org.l2jmobius.gameserver.data.xml.ItemCrystallizationData	ItemCrystallizationData: Loaded 13 crystallization templates.
2023.08.19 03:59:29,959	INFO	1	org.l2jmobius.gameserver.data.xml.ItemCrystallizationData	ItemCrystallizationData: Loaded 338 pre-defined crystallizable items.
2023.08.19 03:59:29,970	INFO	1	org.l2jmobius.gameserver.data.xml.ItemCrystallizationData	ItemCrystallizationData: Generated 5989 crystallizable items from templates.
2023.08.19 03:59:30,005	INFO	1	VariationData	VariationData: Loaded 38 variations.
2023.08.19 03:59:30,005	INFO	1	VariationData	VariationData: Loaded 2492 fees.
2023.08.19 03:59:30,030	INFO	1	org.l2jmobius.gameserver.data.xml.EnsoulData	EnsoulData: Loaded 128 fees.
2023.08.19 03:59:30,030	INFO	1	org.l2jmobius.gameserver.data.xml.EnsoulData	EnsoulData: Loaded 1169 options.
2023.08.19 03:59:30,030	INFO	1	org.l2jmobius.gameserver.data.xml.EnsoulData	EnsoulData: Loaded 125 stones.
2023.08.19 03:59:30,035	INFO	1	org.l2jmobius.gameserver.data.xml.EnchantItemHPBonusData	EnchantItemHPBonusData: Loaded 12 enchant HP bonuses.
2023.08.19 03:59:31,008	INFO	1	org.l2jmobius.gameserver.data.xml.BuyListData	BuyListData: Loaded 921 buyLists.
2023.08.19 03:59:31,815	INFO	1	org.l2jmobius.gameserver.data.xml.MultisellData	MultisellData: Loaded 603 multisell lists.
2023.08.19 03:59:31,844	INFO	1	org.l2jmobius.gameserver.data.xml.EquipmentUpgradeData	EquipmentUpgradeData: Loaded 6951 upgrade equipment data.
2023.08.19 03:59:31,867	INFO	1	org.l2jmobius.gameserver.data.xml.AgathionData	AgathionData: Loaded 435 agathion data.
2023.08.19 03:59:31,918	INFO	1	org.l2jmobius.gameserver.data.xml.RecipeData	RecipeData: Loaded 1780 recipes.
2023.08.19 03:59:31,951	INFO	1	org.l2jmobius.gameserver.data.xml.ArmorSetData	ArmorSetData: Loaded 370 armor sets.
2023.08.19 03:59:31,957	INFO	1	org.l2jmobius.gameserver.data.xml.FishingData	FishingData: Loaded 9 bait and 14 rod data.
2023.08.19 03:59:31,991	INFO	1	org.l2jmobius.gameserver.data.xml.HennaData	HennaData: Loaded 549 henna data.
2023.08.19 03:59:32,000	INFO	1	org.l2jmobius.gameserver.data.xml.PrimeShopData	PrimeShopData: Loaded 99 items.
2023.08.19 03:59:32,004	INFO	1	org.l2jmobius.gameserver.data.xml.LimitShopData	LimitShopData: Loaded 43 items.
2023.08.19 03:59:32,012	INFO	1	org.l2jmobius.gameserver.data.xml.LimitShopData	LimitShopCraftData: Loaded 119 items.
2023.08.19 03:59:32,022	INFO	1	org.l2jmobius.gameserver.data.xml.CollectionData	CollectionData: Loaded 217 collections.
2023.08.19 03:59:32,047	INFO	1	org.l2jmobius.gameserver.data.xml.AppearanceItemData	AppearanceItemData: Loaded 1282 stones.
2023.08.19 03:59:32,056	INFO	1	org.l2jmobius.gameserver.data.xml.AlchemyData	AlchemyData: Loaded 114 alchemy craft skills.
2023.08.19 03:59:32,075	INFO	1	org.l2jmobius.gameserver.instancemanager.PrivateStoreHistoryManager	PrivateStoreHistoryManager: Loaded 0 items history.
2023.08.19 03:59:32,083	INFO	1	org.l2jmobius.commons.util.IXmlReader	LuckyGameData: Loaded 2 lucky game data.
2023.08.19 03:59:32,085	INFO	1	org.l2jmobius.gameserver.data.xml.AttendanceRewardData	AttendanceRewardData: Disabled.
2023.08.19 03:59:32,085	INFO	1	org.l2jmobius.gameserver.GameServer	----------------------------------------------=[ Characters ]
2023.08.19 03:59:32,090	INFO	1	org.l2jmobius.gameserver.data.xml.ClassListData	ClassListData: Loaded 158 class data.
2023.08.19 03:59:32,096	INFO	1	org.l2jmobius.gameserver.data.xml.InitialEquipmentData	InitialEquipmentData: Loaded 14 initial equipment data.
2023.08.19 03:59:32,102	INFO	1	org.l2jmobius.gameserver.data.xml.InitialShortcutData	InitialShortcutData: Loaded 5 initial global shortcuts data.
2023.08.19 03:59:32,102	INFO	1	org.l2jmobius.gameserver.data.xml.InitialShortcutData	InitialShortcutData: Loaded 5 initial shortcuts data.
2023.08.19 03:59:32,102	INFO	1	org.l2jmobius.gameserver.data.xml.InitialShortcutData	InitialShortcutData: Loaded 0 macro presets.
2023.08.19 03:59:32,106	INFO	1	org.l2jmobius.gameserver.data.xml.ExperienceData	ExperienceData: Loaded 131 levels.
2023.08.19 03:59:32,106	INFO	1	org.l2jmobius.gameserver.data.xml.ExperienceData	ExperienceData: Max Player Level is 130.
2023.08.19 03:59:32,106	INFO	1	org.l2jmobius.gameserver.data.xml.ExperienceData	ExperienceData: Max Pet Level is 130.
2023.08.19 03:59:32,113	INFO	1	org.l2jmobius.gameserver.data.xml.KarmaData	KarmaData: Loaded 130 karma modifiers.
2023.08.19 03:59:32,117	INFO	1	org.l2jmobius.gameserver.data.xml.HitConditionBonusData	HitConditionBonusData: Loaded hit condition bonuses.
2023.08.19 03:59:32,510	INFO	1	org.l2jmobius.gameserver.data.xml.PlayerTemplateData	PlayerTemplateData: Loaded 150 character templates.
2023.08.19 03:59:32,510	INFO	1	org.l2jmobius.gameserver.data.xml.PlayerTemplateData	PlayerTemplateData: Loaded 108000 level up gain records.
2023.08.19 03:59:32,510	INFO	1	org.l2jmobius.gameserver.data.xml.PlayerTemplateData	PlayerTemplateData: Generated 1500 level up gain records.
2023.08.19 03:59:32,513	INFO	1	org.l2jmobius.gameserver.data.sql.CharNameTable	CharNameTable: Loaded 11 char names.
2023.08.19 03:59:32,519	INFO	1	org.l2jmobius.gameserver.data.xml.AdminData	AdminData: Loaded 10 access levels.
2023.08.19 03:59:32,522	INFO	1	org.l2jmobius.gameserver.data.xml.AdminData	AdminData: Loaded 468 access commands.
2023.08.19 03:59:32,895	INFO	1	org.l2jmobius.gameserver.data.xml.PetDataTable	PetDataTable: Loaded 56 pets.
2023.08.19 03:59:32,940	INFO	1	org.l2jmobius.gameserver.data.xml.CubicData	CubicData: Loaded 25 cubics.
2023.08.19 03:59:32,952	INFO	1	org.l2jmobius.gameserver.GameServer	---------------------------------------------------=[ Clans ]
2023.08.19 03:59:32,962	INFO	1	org.l2jmobius.gameserver.communitybbs.Manager.ForumsBBSManager	ForumsBBSManager: Loaded 4 forums. Last forum id used: 4
2023.08.19 03:59:32,980	INFO	1	org.l2jmobius.gameserver.data.sql.ClanTable	ClanTable: Restored 2 clans from the database.
2023.08.19 03:59:32,987	INFO	1	org.l2jmobius.gameserver.data.xml.ResidenceFunctionsData	ResidenceFunctionsData: Loaded 8 functions.
2023.08.19 03:59:33,112	INFO	1	org.l2jmobius.gameserver.data.xml.ClanHallData	ClanHallData: Succesfully loaded 57 clan halls.
2023.08.19 03:59:33,114	INFO	1	org.l2jmobius.gameserver.instancemanager.ClanHallAuctionManager	ClanHallAuctionManager: Clan Hall Auction has started!
2023.08.19 03:59:33,130	INFO	1	org.l2jmobius.gameserver.instancemanager.ClanEntryManager	ClanEntryManager: Loaded 0 clan entries.
2023.08.19 03:59:33,130	INFO	1	org.l2jmobius.gameserver.instancemanager.ClanEntryManager	ClanEntryManager: Loaded 0 players in waiting list.
2023.08.19 03:59:33,131	INFO	1	org.l2jmobius.gameserver.instancemanager.ClanEntryManager	ClanEntryManager: Loaded 0 player applications.
2023.08.19 03:59:33,135	INFO	1	org.l2jmobius.gameserver.data.xml.ClanMasteryData	ClanMasteryData: Loaded 16 clan masteries.
2023.08.19 03:59:33,142	INFO	1	org.l2jmobius.gameserver.data.xml.ClanShopData	ClanShopData: Loaded 13 clan shop products.
2023.08.19 03:59:33,142	INFO	1	org.l2jmobius.gameserver.GameServer	-------------------------------------------------=[ Geodata ]
2023.08.19 03:59:33,161	INFO	1	org.l2jmobius.gameserver.geoengine.GeoEngine	GeoEngine: Loaded 0 regions.
2023.08.19 03:59:33,161	INFO	1	org.l2jmobius.gameserver.GameServer	----------------------------------------------------=[ NPCs ]
2023.08.19 03:59:34,706	INFO	1	org.l2jmobius.gameserver.data.xml.NpcData	NpcData: Loaded 14789 NPCs.
2023.08.19 03:59:34,721	INFO	1	org.l2jmobius.gameserver.data.xml.NpcData	NpcData: Loaded 22 custom NPCs.
2023.08.19 03:59:34,723	INFO	1	org.l2jmobius.gameserver.data.xml.FakePlayerData	FakePlayerData: Disabled.
2023.08.19 03:59:34,725	INFO	1	org.l2jmobius.gameserver.instancemanager.FakePlayerChatManager	FakePlayerChatManager: Disabled.
2023.08.19 03:59:35,593	INFO	1	org.l2jmobius.gameserver.data.xml.SpawnData	SpawnData: Loaded 56172 spawns
2023.08.19 03:59:35,609	INFO	1	org.l2jmobius.gameserver.instancemanager.WalkingManager	WalkingManager: Loaded 197 walking routes.
2023.08.19 03:59:35,622	INFO	1	org.l2jmobius.gameserver.data.xml.StaticObjectData	StaticObjectData: Loaded 86 static object templates.
2023.08.19 03:59:35,641	INFO	1	org.l2jmobius.gameserver.model.itemauction.ItemAuctionInstance	ItemAuctionInstance: Loaded 21 item(s) and registered 3 auction(s) for instance 34328
2023.08.19 03:59:35,645	INFO	1	org.l2jmobius.gameserver.model.itemauction.ItemAuctionInstance	ItemAuctionInstance: Schedule next auction 4 on 17:00:00 19.08.23 for instance 34328
2023.08.19 03:59:35,646	INFO	1	org.l2jmobius.gameserver.instancemanager.ItemAuctionManager	ItemAuctionManager: Loaded 1 instances.
2023.08.19 03:59:35,674	INFO	1	org.l2jmobius.gameserver.instancemanager.CastleManager	CastleManager: Loaded 9 castles.
2023.08.19 03:59:35,679	INFO	1	org.l2jmobius.gameserver.instancemanager.GrandBossManager	GrandBossManager: Fafurion(19740) status is 0
2023.08.19 03:59:35,679	INFO	1	org.l2jmobius.gameserver.instancemanager.GrandBossManager	GrandBossManager: Kelbim(26124) status is 0
2023.08.19 03:59:35,679	INFO	1	org.l2jmobius.gameserver.instancemanager.GrandBossManager	GrandBossManager: Core(29006) status is 0
2023.08.19 03:59:35,680	INFO	1	org.l2jmobius.gameserver.instancemanager.GrandBossManager	GrandBossManager: Baium(29020) status is 0
2023.08.19 03:59:35,680	INFO	1	org.l2jmobius.gameserver.instancemanager.GrandBossManager	GrandBossManager: Valakas(29028) status is 0
2023.08.19 03:59:35,680	INFO	1	org.l2jmobius.gameserver.instancemanager.GrandBossManager	GrandBossManager: Antharas(29068) status is 0
2023.08.19 03:59:35,680	INFO	1	org.l2jmobius.gameserver.instancemanager.GrandBossManager	GrandBossManager: Beleth(29118) status is 0
2023.08.19 03:59:35,680	INFO	1	org.l2jmobius.gameserver.instancemanager.GrandBossManager	GrandBossManager: Earth Wyrm Trasken(29197) status is 0
2023.08.19 03:59:35,680	INFO	1	org.l2jmobius.gameserver.instancemanager.GrandBossManager	GrandBossManager: Lindvior(29240) status is 0
2023.08.19 03:59:35,680	INFO	1	org.l2jmobius.gameserver.instancemanager.GrandBossManager	GrandBossManager: Helios(29305) status is 0
2023.08.19 03:59:35,680	INFO	1	org.l2jmobius.gameserver.instancemanager.GrandBossManager	GrandBossManager: Orfen(29325) status is 0
2023.08.19 03:59:35,680	INFO	1	org.l2jmobius.gameserver.instancemanager.GrandBossManager	GrandBossManager: Lilith(29336) status is 0
2023.08.19 03:59:35,680	INFO	1	org.l2jmobius.gameserver.instancemanager.GrandBossManager	GrandBossManager: Anakim(29348) status is 0
2023.08.19 03:59:35,680	INFO	1	org.l2jmobius.gameserver.instancemanager.GrandBossManager	GrandBossManager: Queen Ant(29381) status is 0
2023.08.19 03:59:35,680	INFO	1	org.l2jmobius.gameserver.instancemanager.GrandBossManager	GrandBossManager: Loaded 14 instances.
2023.08.19 03:59:35,688	INFO	1	org.l2jmobius.commons.util.IXmlReader	HomunculusData: Loaded 30 templates.
2023.08.19 03:59:35,692	INFO	1	org.l2jmobius.commons.util.IXmlReader	HomunculusSlotData: Loaded 9 templates.
2023.08.19 03:59:35,696	INFO	1	org.l2jmobius.commons.util.IXmlReader	HomunculusCreationData: Loaded 2 templates.
2023.08.19 03:59:35,697	INFO	1	org.l2jmobius.gameserver.GameServer	------------------------------------------------=[ Instance ]
2023.08.19 03:59:35,702	INFO	1	org.l2jmobius.gameserver.instancemanager.InstanceManager	InstanceManager: Loaded 334 instance names.
2023.08.19 03:59:36,095	INFO	1	org.l2jmobius.gameserver.instancemanager.InstanceManager	InstanceManager: Loaded 159 instance templates.
2023.08.19 03:59:36,096	INFO	1	org.l2jmobius.gameserver.instancemanager.InstanceManager	InstanceManager: Loaded instance reenter times for 1 players.
2023.08.19 03:59:36,096	INFO	1	org.l2jmobius.gameserver.GameServer	------------------------------------------------=[ Olympiad ]
2023.08.19 03:59:36,104	INFO	1	org.l2jmobius.gameserver.model.olympiad.Olympiad	Olympiad System: Loading....
2023.08.19 03:59:36,104	INFO	1	org.l2jmobius.gameserver.model.olympiad.Olympiad	Olympiad System: Currently in Olympiad Period
2023.08.19 03:59:36,104	INFO	1	org.l2jmobius.gameserver.model.olympiad.Olympiad	Olympiad System: 6 days, 8 hours and 0 mins until period ends.
2023.08.19 03:59:36,105	INFO	1	org.l2jmobius.gameserver.model.olympiad.Olympiad	Olympiad System: Next weekly change is in 4 days, 20 hours and 32 mins.
2023.08.19 03:59:36,105	INFO	1	org.l2jmobius.gameserver.model.olympiad.Olympiad	Olympiad System: Loaded 0 Nobles
2023.08.19 03:59:36,110	INFO	1	org.l2jmobius.gameserver.model.olympiad.Olympiad	Olympiad System: Competition Period Starts in 0 days, 16 hours and 1 mins.
2023.08.19 03:59:36,110	INFO	1	org.l2jmobius.gameserver.model.olympiad.Olympiad	Olympiad System: Event starts/started: Sat Aug 19 20:00:36 EEST 2023
2023.08.19 03:59:36,115	INFO	1	org.l2jmobius.gameserver.model.olympiad.Hero	Hero System: Loaded 0 Heroes.
2023.08.19 03:59:36,116	INFO	1	org.l2jmobius.gameserver.model.olympiad.Hero	Hero System: Loaded 0 all time Heroes.
2023.08.19 03:59:36,116	INFO	1	org.l2jmobius.gameserver.GameServer	---------------------------------------------------=[ Cache ]
2023.08.19 03:59:36,119	INFO	1	org.l2jmobius.gameserver.cache.HtmCache	Html cache start...
2023.08.19 03:59:37,820	INFO	1	org.l2jmobius.gameserver.cache.HtmCache	Cache[HTML]: 4.247 megabytes on 6397 files loaded.
2023.08.19 03:59:37,822	INFO	1	org.l2jmobius.gameserver.data.sql.CrestTable	CrestTable: Loaded 0 Crests.
2023.08.19 03:59:37,828	INFO	1	org.l2jmobius.gameserver.data.xml.TeleportListData	TeleportListData: Loaded 104 teleports.
2023.08.19 03:59:38,350	INFO	1	org.l2jmobius.gameserver.data.xml.TeleporterData	TeleporterData: Loaded 168 npc teleporters.
2023.08.19 03:59:38,354	INFO	1	org.l2jmobius.gameserver.data.xml.TimedHuntingZoneData	TimedHuntingZoneData: Loaded 10 timed hunting zones.
2023.08.19 03:59:38,364	INFO	1	org.l2jmobius.gameserver.instancemanager.CursedWeaponsManager	CursedWeaponsManager: Loaded 2 cursed weapons.
2023.08.19 03:59:38,766	INFO	1	org.l2jmobius.gameserver.data.xml.TransformData	TransformData: Loaded 180 transform templates.
2023.08.19 03:59:38,777	INFO	1	org.l2jmobius.gameserver.data.BotReportTable	BotReportTable: Loaded 0 bot reports
2023.08.19 03:59:38,786	INFO	1	org.l2jmobius.gameserver.instancemanager.SellBuffsManager	SellBuffsManager: Loaded 145 allowed buffs.
2023.08.19 03:59:38,787	INFO	1	org.l2jmobius.gameserver.GameServer	-------------------------------------------------=[ Scripts ]
2023.08.19 03:59:38,795	INFO	1	org.l2jmobius.gameserver.instancemanager.AirShipManager	AirShipManager: Loaded 0 private airships
2023.08.19 03:59:38,808	INFO	1	org.l2jmobius.gameserver.data.xml.ShuttleData	ShuttleData: Loaded 3 shuttles.
2023.08.19 03:59:38,810	INFO	1	org.l2jmobius.gameserver.GameServer	GameServer: Loading server scripts:
2023.08.19 03:59:39,226	INFO	1	handlers.MasterHandler	Loading Handlers...
2023.08.19 03:59:39,322	INFO	1	handlers.MasterHandler	ActionHandler: Loaded 10 handlers.
2023.08.19 03:59:39,322	INFO	1	handlers.MasterHandler	ActionShiftHandler: Loaded 6 handlers.
2023.08.19 03:59:39,322	INFO	1	handlers.MasterHandler	AdminCommandHandler: Loaded 461 handlers.
2023.08.19 03:59:39,322	INFO	1	handlers.MasterHandler	BypassHandler: Loaded 30 handlers.
2023.08.19 03:59:39,322	INFO	1	handlers.MasterHandler	ChatHandler: Loaded 14 handlers.
2023.08.19 03:59:39,322	INFO	1	handlers.MasterHandler	CommunityBoardHandler: Loaded 24 handlers.
2023.08.19 03:59:39,322	INFO	1	handlers.MasterHandler	ItemHandler: Loaded 34 handlers.
2023.08.19 03:59:39,322	INFO	1	handlers.MasterHandler	PunishmentHandler: Loaded 3 handlers.
2023.08.19 03:59:39,322	INFO	1	handlers.MasterHandler	UserCommandHandler: Loaded 16 handlers.
2023.08.19 03:59:39,322	INFO	1	handlers.MasterHandler	VoicedCommandHandler: Loaded 11 handlers.
2023.08.19 03:59:39,322	INFO	1	handlers.MasterHandler	TargetHandler: Loaded 21 handlers.
2023.08.19 03:59:39,322	INFO	1	handlers.MasterHandler	AffectObjectHandler: Loaded 11 handlers.
2023.08.19 03:59:39,322	INFO	1	handlers.MasterHandler	AffectScopeHandler: Loaded 19 handlers.
2023.08.19 03:59:39,322	INFO	1	handlers.MasterHandler	PlayerActionHandler: Loaded 25 handlers.
2023.08.19 03:59:39,322	INFO	1	handlers.MasterHandler	Handlers Loaded...
2023.08.19 03:59:45,368	INFO	1	ai.areas.FantasyIsle.HandysBlockCheckerEvent	Handy's Block Checker Event is disabled
2023.08.19 03:59:45,373	INFO	1	ai.areas.FantasyIsle.Parade	Fantasy Isle: Parade starting at 2023/08/19 05:20 and is scheduled each next 1 hours.
2023.08.19 03:59:45,377	INFO	1	ai.areas.FantasyIsle.TalentShow	Fantasy Isle: MC show script starting at 20/08/2023 01:31:45 and is scheduled each next 4 hours.
2023.08.19 03:59:45,560	INFO	1	org.l2jmobius.gameserver.instancemanager.GrandBossManager	GrandBossManager: Updated Anakim(29348) status to 0.
2023.08.19 03:59:45,599	INFO	1	org.l2jmobius.gameserver.instancemanager.GrandBossManager	GrandBossManager: Updated Etis van Etina(29318) status to 0.
2023.08.19 03:59:45,614	INFO	1	org.l2jmobius.gameserver.instancemanager.GrandBossManager	GrandBossManager: Updated Fafurion(19740) status to 0.
2023.08.19 03:59:45,628	INFO	1	org.l2jmobius.gameserver.instancemanager.GrandBossManager	GrandBossManager: Updated Helios(29305) status to 0.
2023.08.19 03:59:45,647	INFO	1	org.l2jmobius.gameserver.instancemanager.GrandBossManager	GrandBossManager: Updated Lilith(29336) status to 0.
2023.08.19 03:59:45,658	INFO	1	org.l2jmobius.gameserver.instancemanager.GrandBossManager	GrandBossManager: Updated Lindvior(29240) status to 0.
2023.08.19 03:59:45,694	INFO	1	ai.bosses.Tiat.Stage1	[Seed of Destruction] Loaded 51 spawn zones data.
2023.08.19 03:59:45,751	INFO	1	ai.others.ClassMaster.ClassMaster	ClassMaster: Loaded 0 class change options.
2023.08.19 03:59:45,908	INFO	1	ai.others.MentorGuide.MentorGuide	MentorGuide: Loaded 4 mentee coins
2023.08.19 03:59:45,923	INFO	1	ai.others.NpcBuffers.NpcBuffersData	NpcBuffersData: Loaded 6 buffers data.
2023.08.19 03:59:46,007	INFO	1	org.l2jmobius.gameserver.model.quest.Quest	Event Balthus Event has passed... Ignored 
2023.08.19 03:59:46,010	INFO	1	org.l2jmobius.gameserver.model.quest.Quest	Event Birth of Draco has passed... Ignored 
2023.08.19 03:59:46,015	INFO	1	org.l2jmobius.gameserver.model.quest.Quest	Event Chuseok Harvest Festival has passed... Ignored 
2023.08.19 03:59:46,018	INFO	1	org.l2jmobius.gameserver.model.quest.Quest	Event Dragon Slayer has passed... Ignored 
2023.08.19 03:59:46,021	INFO	1	org.l2jmobius.gameserver.model.quest.Quest	Event Dream Maker has passed... Ignored 
2023.08.19 03:59:46,031	INFO	1	org.l2jmobius.gameserver.model.quest.Quest	Event Eve the Fortune Teller active till Tue Dec 18 00:00:00 EET 2029
2023.08.19 03:59:46,034	INFO	1	org.l2jmobius.gameserver.model.quest.Quest	Event Freya Celebration has passed... Ignored 
2023.08.19 03:59:46,037	INFO	1	org.l2jmobius.gameserver.model.quest.Quest	Event Gift of Vitality has passed... Ignored 
2023.08.19 03:59:46,040	INFO	1	org.l2jmobius.gameserver.model.quest.Quest	Event Halloween has passed... Ignored 
2023.08.19 03:59:46,043	INFO	1	org.l2jmobius.gameserver.model.quest.Quest	Event Heavy Medal has passed... Ignored 
2023.08.19 03:59:46,046	INFO	1	org.l2jmobius.gameserver.model.quest.Quest	Event Hungry Horse has passed... Ignored 
2023.08.19 03:59:46,048	INFO	1	org.l2jmobius.gameserver.model.quest.Quest	Event Hunt for Santa has passed... Ignored 
2023.08.19 03:59:46,052	INFO	1	org.l2jmobius.gameserver.model.quest.Quest	Event Legend's Mark has passed... Ignored 
2023.08.19 03:59:46,057	INFO	1	org.l2jmobius.gameserver.model.quest.Quest	Event Letter Collector has passed... Ignored 
2023.08.19 03:59:46,061	INFO	1	org.l2jmobius.gameserver.model.quest.Quest	Event Lovers Jubilee has passed... Ignored 
2023.08.19 03:59:46,064	INFO	1	org.l2jmobius.gameserver.model.quest.Quest	Event Love Your Gatekeeper has passed... Ignored 
2023.08.19 03:59:46,067	INFO	1	org.l2jmobius.gameserver.model.quest.Quest	Event Master of Enchanting has passed... Ignored 
2023.08.19 03:59:46,073	INFO	1	org.l2jmobius.gameserver.model.quest.Quest	Event Red Libra has passed... Ignored 
2023.08.19 03:59:46,076	INFO	1	org.l2jmobius.gameserver.model.quest.Quest	Event Rudolphs Blessing has passed... Ignored 
2023.08.19 03:59:46,082	INFO	1	org.l2jmobius.gameserver.model.quest.Quest	Event Saving Santa has passed... Ignored 
2023.08.19 03:59:46,087	INFO	1	org.l2jmobius.gameserver.model.quest.Quest	Event Smash It Completely has passed... Ignored 
2023.08.19 03:59:46,093	INFO	1	org.l2jmobius.gameserver.model.quest.Quest	Event Snowman Energy has passed... Ignored 
2023.08.19 03:59:46,096	INFO	1	org.l2jmobius.gameserver.model.quest.Quest	Event The Power Of Love has passed... Ignored 
2023.08.19 03:59:46,099	INFO	1	org.l2jmobius.gameserver.model.quest.Quest	Event Training with Dandy has passed... Ignored 
2023.08.19 03:59:46,271	INFO	1	org.l2jmobius.gameserver.data.xml.SpawnData	SpawnData: Initializing spawns...
2023.08.19 03:59:46,462	INFO	1	org.l2jmobius.gameserver.instancemanager.DBSpawnManager	DBSpawnManager: Loaded 33 instances.
2023.08.19 03:59:46,462	INFO	1	org.l2jmobius.gameserver.instancemanager.DBSpawnManager	DBSpawnManager: Scheduled 0 instances.
2023.08.19 03:59:53,747	INFO	1	org.l2jmobius.gameserver.data.xml.SpawnData	SpawnData: All spawns has been initialized!
2023.08.19 03:59:53,747	INFO	1	org.l2jmobius.gameserver.GameServer	---------------------------------------------------=[ Siege ]
2023.08.19 03:59:53,756	INFO	1	org.l2jmobius.gameserver.data.xml.SiegeScheduleData	SiegeScheduleData: Loaded 9 siege schedulers.
2023.08.19 03:59:53,756	INFO	1	org.l2jmobius.gameserver.model.siege.Siege	Siege of Gludio: Sun Aug 20 16:00:00 EEST 2023
2023.08.19 03:59:53,758	INFO	1	org.l2jmobius.gameserver.model.siege.Siege	Siege of Dion: Sun Aug 20 20:00:00 EEST 2023
2023.08.19 03:59:53,758	INFO	1	org.l2jmobius.gameserver.model.siege.Siege	Siege of Giran: Sun Aug 20 16:00:00 EEST 2023
2023.08.19 03:59:53,758	INFO	1	org.l2jmobius.gameserver.model.siege.Siege	Siege of Oren: Sun Aug 20 20:00:00 EEST 2023
2023.08.19 03:59:53,758	INFO	1	org.l2jmobius.gameserver.model.siege.Siege	Siege of Aden: Sun Aug 20 16:00:00 EEST 2023
2023.08.19 03:59:53,759	INFO	1	org.l2jmobius.gameserver.model.siege.Siege	Siege of Innadril: Sun Aug 20 20:00:00 EEST 2023
2023.08.19 03:59:53,759	INFO	1	org.l2jmobius.gameserver.model.siege.Siege	Siege of Goddard: Sun Aug 20 16:00:00 EEST 2023
2023.08.19 03:59:53,759	INFO	1	org.l2jmobius.gameserver.model.siege.Siege	Siege of Rune: Sun Aug 20 20:00:00 EEST 2023
2023.08.19 03:59:53,759	INFO	1	org.l2jmobius.gameserver.model.siege.Siege	Siege of Schuttgart: Sun Aug 20 16:00:00 EEST 2023
2023.08.19 03:59:53,825	INFO	1	org.l2jmobius.gameserver.instancemanager.FortManager	FortManager: Loaded 20 fortress.
2023.08.19 03:59:53,883	INFO	1	org.l2jmobius.gameserver.instancemanager.CastleManorManager	CastleManorManager: Loaded 258 seeds.
2023.08.19 03:59:53,887	INFO	1	org.l2jmobius.gameserver.instancemanager.CastleManorManager	CastleManorManager: Manor data loaded.
2023.08.19 03:59:53,898	INFO	1	org.l2jmobius.gameserver.instancemanager.SiegeGuardManager	SiegeGuardManager: Loaded 0 siege guards tickets.
2023.08.19 03:59:53,898	INFO	1	org.l2jmobius.gameserver.instancemanager.QuestManager	QuestManager: Loaded 63 quests.
2023.08.19 03:59:53,898	INFO	1	org.l2jmobius.gameserver.instancemanager.QuestManager	QuestManager: Loaded 432 scripts.
2023.08.19 03:59:53,911	INFO	1	org.l2jmobius.gameserver.taskmanager.TaskManager	TaskManager: Loaded 5 Tasks.
2023.08.19 03:59:53,914	INFO	1	org.l2jmobius.gameserver.instancemanager.DailyTaskManager	DailyTaskManager: Next schedule at 19/08 06:30.
2023.08.19 03:59:53,917	INFO	1	org.l2jmobius.gameserver.instancemanager.MailManager	MailManager: Loaded 0 messages.
2023.08.19 03:59:53,922	INFO	1	org.l2jmobius.gameserver.instancemanager.PunishmentManager	PunishmentManager: Loaded 0 active and 0 expired punishments.
2023.08.19 03:59:53,925	INFO	1	org.l2jmobius.gameserver.GameServer	IdManager: Free ObjectID's remaining: 1878969261
2023.08.19 03:59:53,927	INFO	1	org.l2jmobius.gameserver.data.sql.OfflineTraderTable	OfflineTraderTable: Loading offline traders...
2023.08.19 03:59:53,928	INFO	1	org.l2jmobius.gameserver.data.sql.OfflineTraderTable	OfflineTraderTable: Loaded 0 offline traders.
2023.08.19 03:59:54,356	INFO	1	org.l2jmobius.gameserver.GameServer	GameServer: Started, using 1522 of 4064 MB total memory.
2023.08.19 03:59:54,356	INFO	1	org.l2jmobius.gameserver.GameServer	GameServer: Maximum number of connected players is 2000.
2023.08.19 03:59:54,357	INFO	1	org.l2jmobius.gameserver.GameServer	GameServer: Server loaded in 34 seconds.
2023.08.19 03:59:54,364	INFO	106	org.l2jmobius.commons.network.NetServer	GameServer: Listening on port 7777 for incoming connections.
2023.08.19 03:59:54,374	INFO	107	org.l2jmobius.gameserver.LoginServerThread	LoginServerThread: Connecting to login on 192.168.0.110:9014
2023.08.19 03:59:54,415	INFO	107	org.l2jmobius.gameserver.LoginServerThread	LoginServerThread: Registered on login as Server 2: Sieghardt
2023.08.19 04:00:18,390	WARNING	112	org.l2jmobius.gameserver.model.actor.Creature	Master access level set for character f! Just a warning to be careful ;)
2023.08.19 04:01:58,062	INFO	24	org.l2jmobius.gameserver.ui.SystemPanel	New maximum connected count of 2!
2023.08.19 04:15:44,663	WARNING	22	org.l2jmobius.gameserver.Shutdown	Server scheduled restart issued shutdown command. Shutdown in 1 seconds!
2023.08.19 04:15:45,665	WARNING	122	org.l2jmobius.gameserver.Shutdown	GM shutdown countdown is over. shutting down NOW!
2023.08.19 04:15:45,771	INFO	122	org.l2jmobius.gameserver.Shutdown	All players disconnected and saved(105ms).
2023.08.19 04:15:45,772	INFO	122	org.l2jmobius.gameserver.Shutdown	Game Time Task Manager: Thread interruped(0ms).
2023.08.19 04:15:45,772	INFO	122	org.l2jmobius.commons.threads.ThreadPool	ThreadPool: Shutting down.
2023.08.19 04:15:45,772	INFO	122	org.l2jmobius.gameserver.Shutdown	Thread Pool Manager: Manager has been shut down(1ms).
2023.08.19 04:15:45,772	INFO	122	org.l2jmobius.gameserver.Shutdown	Login Server Thread: Thread interruped(0ms).
2023.08.19 04:15:45,772	INFO	122	org.l2jmobius.gameserver.Shutdown	GM shutdown received. Shutting down NOW!
2023.08.19 04:15:45,777	INFO	122	org.l2jmobius.gameserver.Shutdown	RaidBossSpawnManager: All raidboss info saved(5ms).
2023.08.19 04:15:45,780	INFO	122	org.l2jmobius.gameserver.Shutdown	GrandBossManager: All Grand Boss info saved(3ms).
2023.08.19 04:15:45,780	INFO	122	org.l2jmobius.gameserver.Shutdown	Item Auction Manager: All tasks stopped(0ms).
2023.08.19 04:15:45,781	INFO	122	org.l2jmobius.gameserver.Shutdown	Olympiad System: Data saved(1ms).
2023.08.19 04:15:45,781	INFO	122	org.l2jmobius.gameserver.Shutdown	Hero System: Data saved(0ms).
2023.08.19 04:15:45,782	INFO	122	org.l2jmobius.gameserver.Shutdown	Clan System: Data saved(1ms).
2023.08.19 04:15:45,782	INFO	122	org.l2jmobius.gameserver.Shutdown	Cursed Weapons Manager: Data saved(0ms).
2023.08.19 04:15:45,782	INFO	122	org.l2jmobius.gameserver.Shutdown	Castle Manor Manager: Data saved(0ms).
2023.08.19 04:15:45,783	INFO	122	org.l2jmobius.gameserver.Shutdown	Quest Manager: Data saved(1ms).
2023.08.19 04:15:45,795	INFO	122	org.l2jmobius.gameserver.instancemanager.GlobalVariablesManager	GlobalVariablesManager: Stored 16 variables.
2023.08.19 04:15:45,796	INFO	122	org.l2jmobius.gameserver.Shutdown	Global Variables Manager: Variables saved(12ms).
2023.08.19 04:15:45,796	INFO	122	org.l2jmobius.gameserver.Shutdown	Bot Report Table: Successfully saved reports to database!
2023.08.19 04:15:50,811	INFO	122	org.l2jmobius.gameserver.Shutdown	Database Factory: Database connection has been shut down(13ms).
2023.08.19 04:15:50,811	INFO	122	org.l2jmobius.gameserver.Shutdown	The server has been successfully shut down in 5seconds.
